The target system is: Android - 1 - armv7-a
The host system is: Android - 4.4.153-perf-g67fdd39 - aarch64
Determining if the C compiler works passed with the following output:
Change Dir: /storage/emulated/0/mt2/termux-ndk/cmake-example/app/.cxx/cmake/release/armeabi-v7a/CMakeFiles/CMakeTmp

Run Build Command(s):/data/data/com.termux/files/usr/bin/ninja cmTC_a013f && [1/2] Building C object CMakeFiles/cmTC_a013f.dir/testCCompiler.c.o
[2/2] Linking C executable cmTC_a013f



Detecting C compiler ABI info compiled with the following output:
Change Dir: /storage/emulated/0/mt2/termux-ndk/cmake-example/app/.cxx/cmake/release/armeabi-v7a/CMakeFiles/CMakeTmp

Run Build Command(s):/data/data/com.termux/files/usr/bin/ninja cmTC_ab740 && [1/2] Building C object CMakeFiles/cmTC_ab740.dir/CMakeCCompilerABI.c.o
Android (dev based on r383902) clang version 11.0.1 (https://android.googlesource.com/toolchain/llvm-project b397f81060ce6d701042b782172ed13bee898b79)
Target: armv7-none-linux-android21
Thread model: posix
InstalledDir: /data/data/com.termux/files/home/android/android-ndk-r21/toolchains/llvm/prebuilt/linux-aarch64/bin
Found candidate GCC installation: /data/data/com.termux/files/home/android/android-ndk-r21/toolchains/llvm/prebuilt/linux-aarch64/lib/gcc/arm-linux-androideabi/4.9.x
Selected GCC installation: /data/data/com.termux/files/home/android/android-ndk-r21/toolchains/llvm/prebuilt/linux-aarch64/lib/gcc/arm-linux-androideabi/4.9.x
Candidate multilib: thumb;@mthumb
Candidate multilib: armv7-a;@march=armv7-a
Candidate multilib: armv7-a/thumb;@march=armv7-a@mthumb
Candidate multilib: .;
Selected multilib: armv7-a/thumb;@march=armv7-a@mthumb
 (in-process)
 "/data/data/com.termux/files/home/android/android-ndk-r21/toolchains/llvm/prebuilt/linux-aarch64/bin/clang.real" -cc1 -triple thumbv7-none-linux-android21 -emit-obj -mrelax-all -mnoexecstack -disable-free -disable-llvm-verifier -discard-value-names -main-file-name CMakeCCompilerABI.c -mrelocation-model pic -pic-level 2 -pic-is-pie -mthread-model posix -mframe-pointer=all -fno-rounding-math -masm-verbose -mconstructor-aliases -munwind-tables -target-cpu generic -target-feature +soft-float-abi -target-feature +vfp2 -target-feature +vfp2sp -target-feature +vfp3 -target-feature +vfp3d16 -target-feature +vfp3d16sp -target-feature +vfp3sp -target-feature -fp16 -target-feature -vfp4 -target-feature -vfp4d16 -target-feature -vfp4d16sp -target-feature -vfp4sp -target-feature -fp-armv8 -target-feature -fp-armv8d16 -target-feature -fp-armv8d16sp -target-feature -fp-armv8sp -target-feature -fullfp16 -target-feature +fp64 -target-feature +d32 -target-feature +neon -target-feature -crypto -target-feature -fp16fml -target-abi aapcs-linux -mfloat-abi soft -fallow-half-arguments-and-returns -dwarf-column-info -fno-split-dwarf-inlining -debug-info-kind=limited -dwarf-version=4 -debugger-tuning=gdb -v -ffunction-sections -fdata-sections -resource-dir /data/data/com.termux/files/home/android/android-ndk-r21/toolchains/llvm/prebuilt/linux-aarch64/lib64/clang/11.0.1 -D ANDROID -D _FORTIFY_SOURCE=2 -isysroot /data/data/com.termux/files/home/android/android-ndk-r21/toolchains/llvm/prebuilt/linux-aarch64/sysroot -internal-isystem /data/data/com.termux/files/home/android/android-ndk-r21/toolchains/llvm/prebuilt/linux-aarch64/sysroot/usr/local/include -internal-isystem /data/data/com.termux/files/home/android/android-ndk-r21/toolchains/llvm/prebuilt/linux-aarch64/lib64/clang/11.0.1/include -internal-externc-isystem /data/data/com.termux/files/home/android/android-ndk-r21/toolchains/llvm/prebuilt/linux-aarch64/sysroot/usr/include/arm-linux-androideabi -internal-externc-isystem /data/data/com.termux/files/home/android/android-ndk-r21/toolchains/llvm/prebuilt/linux-aarch64/sysroot/include -internal-externc-isystem /data/data/com.termux/files/home/android/android-ndk-r21/toolchains/llvm/prebuilt/linux-aarch64/sysroot/usr/include -Wformat -fdebug-compilation-dir /storage/emulated/0/mt2/termux-ndk/cmake-example/app/.cxx/cmake/release/armeabi-v7a/CMakeFiles/CMakeTmp -ferror-limit 19 -fmessage-length 0 -stack-protector 2 -fno-signed-char -fgnuc-version=4.2.1 -fobjc-runtime=gcc -fdiagnostics-show-option -o CMakeFiles/cmTC_ab740.dir/CMakeCCompilerABI.c.o -x c /data/data/com.termux/files/home/android/android-sdk/cmake/share/cmake-3.17/Modules/CMakeCCompilerABI.c
clang -cc1 version 11.0.1 based upon LLVM 11.0.1git default target aarch64-unknown-linux-gnu
ignoring nonexistent directory "/data/data/com.termux/files/home/android/android-ndk-r21/toolchains/llvm/prebuilt/linux-aarch64/sysroot/include"
#include "..." search starts here:
#include <...> search starts here:
 /data/data/com.termux/files/home/android/android-ndk-r21/toolchains/llvm/prebuilt/linux-aarch64/sysroot/usr/local/include
 /data/data/com.termux/files/home/android/android-ndk-r21/toolchains/llvm/prebuilt/linux-aarch64/lib64/clang/11.0.1/include
 /data/data/com.termux/files/home/android/android-ndk-r21/toolchains/llvm/prebuilt/linux-aarch64/sysroot/usr/include/arm-linux-androideabi
 /data/data/com.termux/files/home/android/android-ndk-r21/toolchains/llvm/prebuilt/linux-aarch64/sysroot/usr/include
End of search list.
[2/2] Linking C executable cmTC_ab740
Android (dev based on r383902) clang version 11.0.1 (https://android.googlesource.com/toolchain/llvm-project b397f81060ce6d701042b782172ed13bee898b79)
Target: armv7-none-linux-android21
Thread model: posix
InstalledDir: /data/data/com.termux/files/home/android/android-ndk-r21/toolchains/llvm/prebuilt/linux-aarch64/bin
Found candidate GCC installation: /data/data/com.termux/files/home/android/android-ndk-r21/toolchains/llvm/prebuilt/linux-aarch64/lib/gcc/arm-linux-androideabi/4.9.x
Selected GCC installation: /data/data/com.termux/files/home/android/android-ndk-r21/toolchains/llvm/prebuilt/linux-aarch64/lib/gcc/arm-linux-androideabi/4.9.x
Candidate multilib: thumb;@mthumb
Candidate multilib: armv7-a;@march=armv7-a
Candidate multilib: armv7-a/thumb;@march=armv7-a@mthumb
Candidate multilib: .;
Selected multilib: armv7-a/thumb;@march=armv7-a@mthumb
 "/data/data/com.termux/files/home/android/android-ndk-r21/toolchains/llvm/prebuilt/linux-aarch64/lib/gcc/arm-linux-androideabi/4.9.x/../../../../arm-linux-androideabi/bin/ld" --sysroot=/data/data/com.termux/files/home/android/android-ndk-r21/toolchains/llvm/prebuilt/linux-aarch64/sysroot -pie -z noexecstack -EL --warn-shared-textrel -z now -z relro -X --hash-style=both --enable-new-dtags --eh-frame-hdr -m armelf_linux_eabi -dynamic-linker /system/bin/linker -o cmTC_ab740 /data/data/com.termux/files/home/android/android-ndk-r21/toolchains/llvm/prebuilt/linux-aarch64/sysroot/usr/lib/arm-linux-androideabi/21/crtbegin_dynamic.o -L/data/data/com.termux/files/home/android/android-ndk-r21/toolchains/llvm/prebuilt/linux-aarch64/lib/gcc/arm-linux-androideabi/4.9.x/armv7-a/thumb -L/data/data/com.termux/files/home/android/android-ndk-r21/toolchains/llvm/prebuilt/linux-aarch64/lib/gcc/arm-linux-androideabi/4.9.x/../../../../arm-linux-androideabi/lib/../lib/armv7-a/thumb -L/data/data/com.termux/files/home/android/android-ndk-r21/toolchains/llvm/prebuilt/linux-aarch64/sysroot/usr/lib/arm-linux-androideabi/21 -L/data/data/com.termux/files/home/android/android-ndk-r21/toolchains/llvm/prebuilt/linux-aarch64/sysroot/usr/lib/arm-linux-androideabi -L/data/data/com.termux/files/home/android/android-ndk-r21/toolchains/llvm/prebuilt/linux-aarch64/sysroot/usr/lib/../lib -L/data/data/com.termux/files/home/android/android-ndk-r21/toolchains/llvm/prebuilt/linux-aarch64/sysroot/usr/lib/arm-linux-androideabi/../../lib -L/data/data/com.termux/files/home/android/android-ndk-r21/toolchains/llvm/prebuilt/linux-aarch64/lib/gcc/arm-linux-androideabi/4.9.x/../../../../arm-linux-androideabi/lib/armv7-a/thumb -L/data/data/com.termux/files/home/android/android-ndk-r21/toolchains/llvm/prebuilt/linux-aarch64/sysroot/usr/lib --exclude-libs libgcc_real.a --exclude-libs libatomic.a --build-id --fatal-warnings --exclude-libs libunwind.a --no-undefined --gc-sections CMakeFiles/cmTC_ab740.dir/CMakeCCompilerABI.c.o -lgcc -ldl -lc -lgcc -ldl /data/data/com.termux/files/home/android/android-ndk-r21/toolchains/llvm/prebuilt/linux-aarch64/sysroot/usr/lib/arm-linux-androideabi/21/crtend_android.o



Parsed C implicit include dir info from above output: rv=done
  found start of include info
  found start of implicit include info
    add: [/data/data/com.termux/files/home/android/android-ndk-r21/toolchains/llvm/prebuilt/linux-aarch64/sysroot/usr/local/include]
    add: [/data/data/com.termux/files/home/android/android-ndk-r21/toolchains/llvm/prebuilt/linux-aarch64/lib64/clang/11.0.1/include]
    add: [/data/data/com.termux/files/home/android/android-ndk-r21/toolchains/llvm/prebuilt/linux-aarch64/sysroot/usr/include/arm-linux-androideabi]
    add: [/data/data/com.termux/files/home/android/android-ndk-r21/toolchains/llvm/prebuilt/linux-aarch64/sysroot/usr/include]
  end of search list found
  collapse include dir [/data/data/com.termux/files/home/android/android-ndk-r21/toolchains/llvm/prebuilt/linux-aarch64/sysroot/usr/local/include] ==> [/data/data/com.termux/files/home/android/android-ndk-r21/toolchains/llvm/prebuilt/linux-aarch64/sysroot/usr/local/include]
  collapse include dir [/data/data/com.termux/files/home/android/android-ndk-r21/toolchains/llvm/prebuilt/linux-aarch64/lib64/clang/11.0.1/include] ==> [/data/data/com.termux/files/home/android/android-ndk-r21/toolchains/llvm/prebuilt/linux-aarch64/lib64/clang/11.0.1/include]
  collapse include dir [/data/data/com.termux/files/home/android/android-ndk-r21/toolchains/llvm/prebuilt/linux-aarch64/sysroot/usr/include/arm-linux-androideabi] ==> [/data/data/com.termux/files/home/android/android-ndk-r21/toolchains/llvm/prebuilt/linux-aarch64/sysroot/usr/include/arm-linux-androideabi]
  collapse include dir [/data/data/com.termux/files/home/android/android-ndk-r21/toolchains/llvm/prebuilt/linux-aarch64/sysroot/usr/include] ==> [/data/data/com.termux/files/home/android/android-ndk-r21/toolchains/llvm/prebuilt/linux-aarch64/sysroot/usr/include]
  implicit include dirs: [/data/data/com.termux/files/home/android/android-ndk-r21/toolchains/llvm/prebuilt/linux-aarch64/sysroot/usr/local/include;/data/data/com.termux/files/home/android/android-ndk-r21/toolchains/llvm/prebuilt/linux-aarch64/lib64/clang/11.0.1/include;/data/data/com.termux/files/home/android/android-ndk-r21/toolchains/llvm/prebuilt/linux-aarch64/sysroot/usr/include/arm-linux-androideabi;/data/data/com.termux/files/home/android/android-ndk-r21/toolchains/llvm/prebuilt/linux-aarch64/sysroot/usr/include]


Parsed C implicit link information from above output:
  link line regex: [^( *|.*[/\])(arm-linux-androideabi-ld|CMAKE_LINK_STARTFILE-NOTFOUND|([^/\]+-)?ld|collect2)[^/\]*( |$)]
  ignore line: [Change Dir: /storage/emulated/0/mt2/termux-ndk/cmake-example/app/.cxx/cmake/release/armeabi-v7a/CMakeFiles/CMakeTmp]
  ignore line: []
  ignore line: [Run Build Command(s):/data/data/com.termux/files/usr/bin/ninja cmTC_ab740 && [1/2] Building C object CMakeFiles/cmTC_ab740.dir/CMakeCCompilerABI.c.o]
  ignore line: [Android (dev based on r383902) clang version 11.0.1 (https://android.googlesource.com/toolchain/llvm-project b397f81060ce6d701042b782172ed13bee898b79)]
  ignore line: [Target: armv7-none-linux-android21]
  ignore line: [Thread model: posix]
  ignore line: [InstalledDir: /data/data/com.termux/files/home/android/android-ndk-r21/toolchains/llvm/prebuilt/linux-aarch64/bin]
  ignore line: [Found candidate GCC installation: /data/data/com.termux/files/home/android/android-ndk-r21/toolchains/llvm/prebuilt/linux-aarch64/lib/gcc/arm-linux-androideabi/4.9.x]
  ignore line: [Selected GCC installation: /data/data/com.termux/files/home/android/android-ndk-r21/toolchains/llvm/prebuilt/linux-aarch64/lib/gcc/arm-linux-androideabi/4.9.x]
  ignore line: [Candidate multilib: thumb]
  ignore line: [@mthumb]
  ignore line: [Candidate multilib: armv7-a]
  ignore line: [@march=armv7-a]
  ignore line: [Candidate multilib: armv7-a/thumb]
  ignore line: [@march=armv7-a@mthumb]
  ignore line: [Candidate multilib: .]
  ignore line: []
  ignore line: [Selected multilib: armv7-a/thumb]
  ignore line: [@march=armv7-a@mthumb]
  ignore line: [ (in-process)]
  ignore line: [ "/data/data/com.termux/files/home/android/android-ndk-r21/toolchains/llvm/prebuilt/linux-aarch64/bin/clang.real" -cc1 -triple thumbv7-none-linux-android21 -emit-obj -mrelax-all -mnoexecstack -disable-free -disable-llvm-verifier -discard-value-names -main-file-name CMakeCCompilerABI.c -mrelocation-model pic -pic-level 2 -pic-is-pie -mthread-model posix -mframe-pointer=all -fno-rounding-math -masm-verbose -mconstructor-aliases -munwind-tables -target-cpu generic -target-feature +soft-float-abi -target-feature +vfp2 -target-feature +vfp2sp -target-feature +vfp3 -target-feature +vfp3d16 -target-feature +vfp3d16sp -target-feature +vfp3sp -target-feature -fp16 -target-feature -vfp4 -target-feature -vfp4d16 -target-feature -vfp4d16sp -target-feature -vfp4sp -target-feature -fp-armv8 -target-feature -fp-armv8d16 -target-feature -fp-armv8d16sp -target-feature -fp-armv8sp -target-feature -fullfp16 -target-feature +fp64 -target-feature +d32 -target-feature +neon -target-feature -crypto -target-feature -fp16fml -target-abi aapcs-linux -mfloat-abi soft -fallow-half-arguments-and-returns -dwarf-column-info -fno-split-dwarf-inlining -debug-info-kind=limited -dwarf-version=4 -debugger-tuning=gdb -v -ffunction-sections -fdata-sections -resource-dir /data/data/com.termux/files/home/android/android-ndk-r21/toolchains/llvm/prebuilt/linux-aarch64/lib64/clang/11.0.1 -D ANDROID -D _FORTIFY_SOURCE=2 -isysroot /data/data/com.termux/files/home/android/android-ndk-r21/toolchains/llvm/prebuilt/linux-aarch64/sysroot -internal-isystem /data/data/com.termux/files/home/android/android-ndk-r21/toolchains/llvm/prebuilt/linux-aarch64/sysroot/usr/local/include -internal-isystem /data/data/com.termux/files/home/android/android-ndk-r21/toolchains/llvm/prebuilt/linux-aarch64/lib64/clang/11.0.1/include -internal-externc-isystem /data/data/com.termux/files/home/android/android-ndk-r21/toolchains/llvm/prebuilt/linux-aarch64/sysroot/usr/include/arm-linux-androideabi -internal-externc-isystem /data/data/com.termux/files/home/android/android-ndk-r21/toolchains/llvm/prebuilt/linux-aarch64/sysroot/include -internal-externc-isystem /data/data/com.termux/files/home/android/android-ndk-r21/toolchains/llvm/prebuilt/linux-aarch64/sysroot/usr/include -Wformat -fdebug-compilation-dir /storage/emulated/0/mt2/termux-ndk/cmake-example/app/.cxx/cmake/release/armeabi-v7a/CMakeFiles/CMakeTmp -ferror-limit 19 -fmessage-length 0 -stack-protector 2 -fno-signed-char -fgnuc-version=4.2.1 -fobjc-runtime=gcc -fdiagnostics-show-option -o CMakeFiles/cmTC_ab740.dir/CMakeCCompilerABI.c.o -x c /data/data/com.termux/files/home/android/android-sdk/cmake/share/cmake-3.17/Modules/CMakeCCompilerABI.c]
  ignore line: [clang -cc1 version 11.0.1 based upon LLVM 11.0.1git default target aarch64-unknown-linux-gnu]
  ignore line: [ignoring nonexistent directory "/data/data/com.termux/files/home/android/android-ndk-r21/toolchains/llvm/prebuilt/linux-aarch64/sysroot/include"]
  ignore line: [#include "..." search starts here:]
  ignore line: [#include <...> search starts here:]
  ignore line: [ /data/data/com.termux/files/home/android/android-ndk-r21/toolchains/llvm/prebuilt/linux-aarch64/sysroot/usr/local/include]
  ignore line: [ /data/data/com.termux/files/home/android/android-ndk-r21/toolchains/llvm/prebuilt/linux-aarch64/lib64/clang/11.0.1/include]
  ignore line: [ /data/data/com.termux/files/home/android/android-ndk-r21/toolchains/llvm/prebuilt/linux-aarch64/sysroot/usr/include/arm-linux-androideabi]
  ignore line: [ /data/data/com.termux/files/home/android/android-ndk-r21/toolchains/llvm/prebuilt/linux-aarch64/sysroot/usr/include]
  ignore line: [End of search list.]
  ignore line: [[2/2] Linking C executable cmTC_ab740]
  ignore line: [Android (dev based on r383902) clang version 11.0.1 (https://android.googlesource.com/toolchain/llvm-project b397f81060ce6d701042b782172ed13bee898b79)]
  ignore line: [Target: armv7-none-linux-android21]
  ignore line: [Thread model: posix]
  ignore line: [InstalledDir: /data/data/com.termux/files/home/android/android-ndk-r21/toolchains/llvm/prebuilt/linux-aarch64/bin]
  ignore line: [Found candidate GCC installation: /data/data/com.termux/files/home/android/android-ndk-r21/toolchains/llvm/prebuilt/linux-aarch64/lib/gcc/arm-linux-androideabi/4.9.x]
  ignore line: [Selected GCC installation: /data/data/com.termux/files/home/android/android-ndk-r21/toolchains/llvm/prebuilt/linux-aarch64/lib/gcc/arm-linux-androideabi/4.9.x]
  ignore line: [Candidate multilib: thumb]
  ignore line: [@mthumb]
  ignore line: [Candidate multilib: armv7-a]
  ignore line: [@march=armv7-a]
  ignore line: [Candidate multilib: armv7-a/thumb]
  ignore line: [@march=armv7-a@mthumb]
  ignore line: [Candidate multilib: .]
  ignore line: []
  ignore line: [Selected multilib: armv7-a/thumb]
  ignore line: [@march=armv7-a@mthumb]
  link line: [ "/data/data/com.termux/files/home/android/android-ndk-r21/toolchains/llvm/prebuilt/linux-aarch64/lib/gcc/arm-linux-androideabi/4.9.x/../../../../arm-linux-androideabi/bin/ld" --sysroot=/data/data/com.termux/files/home/android/android-ndk-r21/toolchains/llvm/prebuilt/linux-aarch64/sysroot -pie -z noexecstack -EL --warn-shared-textrel -z now -z relro -X --hash-style=both --enable-new-dtags --eh-frame-hdr -m armelf_linux_eabi -dynamic-linker /system/bin/linker -o cmTC_ab740 /data/data/com.termux/files/home/android/android-ndk-r21/toolchains/llvm/prebuilt/linux-aarch64/sysroot/usr/lib/arm-linux-androideabi/21/crtbegin_dynamic.o -L/data/data/com.termux/files/home/android/android-ndk-r21/toolchains/llvm/prebuilt/linux-aarch64/lib/gcc/arm-linux-androideabi/4.9.x/armv7-a/thumb -L/data/data/com.termux/files/home/android/android-ndk-r21/toolchains/llvm/prebuilt/linux-aarch64/lib/gcc/arm-linux-androideabi/4.9.x/../../../../arm-linux-androideabi/lib/../lib/armv7-a/thumb -L/data/data/com.termux/files/home/android/android-ndk-r21/toolchains/llvm/prebuilt/linux-aarch64/sysroot/usr/lib/arm-linux-androideabi/21 -L/data/data/com.termux/files/home/android/android-ndk-r21/toolchains/llvm/prebuilt/linux-aarch64/sysroot/usr/lib/arm-linux-androideabi -L/data/data/com.termux/files/home/android/android-ndk-r21/toolchains/llvm/prebuilt/linux-aarch64/sysroot/usr/lib/../lib -L/data/data/com.termux/files/home/android/android-ndk-r21/toolchains/llvm/prebuilt/linux-aarch64/sysroot/usr/lib/arm-linux-androideabi/../../lib -L/data/data/com.termux/files/home/android/android-ndk-r21/toolchains/llvm/prebuilt/linux-aarch64/lib/gcc/arm-linux-androideabi/4.9.x/../../../../arm-linux-androideabi/lib/armv7-a/thumb -L/data/data/com.termux/files/home/android/android-ndk-r21/toolchains/llvm/prebuilt/linux-aarch64/sysroot/usr/lib --exclude-libs libgcc_real.a --exclude-libs libatomic.a --build-id --fatal-warnings --exclude-libs libunwind.a --no-undefined --gc-sections CMakeFiles/cmTC_ab740.dir/CMakeCCompilerABI.c.o -lgcc -ldl -lc -lgcc -ldl /data/data/com.termux/files/home/android/android-ndk-r21/toolchains/llvm/prebuilt/linux-aarch64/sysroot/usr/lib/arm-linux-androideabi/21/crtend_android.o]
    arg [/data/data/com.termux/files/home/android/android-ndk-r21/toolchains/llvm/prebuilt/linux-aarch64/lib/gcc/arm-linux-androideabi/4.9.x/../../../../arm-linux-androideabi/bin/ld] ==> ignore
    arg [--sysroot=/data/data/com.termux/files/home/android/android-ndk-r21/toolchains/llvm/prebuilt/linux-aarch64/sysroot] ==> ignore
    arg [-pie] ==> ignore
    arg [-znoexecstack] ==> ignore
    arg [-EL] ==> ignore
    arg [--warn-shared-textrel] ==> ignore
    arg [-znow] ==> ignore
    arg [-zrelro] ==> ignore
    arg [-X] ==> ignore
    arg [--hash-style=both] ==> ignore
    arg [--enable-new-dtags] ==> ignore
    arg [--eh-frame-hdr] ==> ignore
    arg [-m] ==> ignore
    arg [armelf_linux_eabi] ==> ignore
    arg [-dynamic-linker] ==> ignore
    arg [/system/bin/linker] ==> ignore
    arg [-o] ==> ignore
    arg [cmTC_ab740] ==> ignore
    arg [/data/data/com.termux/files/home/android/android-ndk-r21/toolchains/llvm/prebuilt/linux-aarch64/sysroot/usr/lib/arm-linux-androideabi/21/crtbegin_dynamic.o] ==> ignore
    arg [-L/data/data/com.termux/files/home/android/android-ndk-r21/toolchains/llvm/prebuilt/linux-aarch64/lib/gcc/arm-linux-androideabi/4.9.x/armv7-a/thumb] ==> dir [/data/data/com.termux/files/home/android/android-ndk-r21/toolchains/llvm/prebuilt/linux-aarch64/lib/gcc/arm-linux-androideabi/4.9.x/armv7-a/thumb]
    arg [-L/data/data/com.termux/files/home/android/android-ndk-r21/toolchains/llvm/prebuilt/linux-aarch64/lib/gcc/arm-linux-androideabi/4.9.x/../../../../arm-linux-androideabi/lib/../lib/armv7-a/thumb] ==> dir [/data/data/com.termux/files/home/android/android-ndk-r21/toolchains/llvm/prebuilt/linux-aarch64/lib/gcc/arm-linux-androideabi/4.9.x/../../../../arm-linux-androideabi/lib/../lib/armv7-a/thumb]
    arg [-L/data/data/com.termux/files/home/android/android-ndk-r21/toolchains/llvm/prebuilt/linux-aarch64/sysroot/usr/lib/arm-linux-androideabi/21] ==> dir [/data/data/com.termux/files/home/android/android-ndk-r21/toolchains/llvm/prebuilt/linux-aarch64/sysroot/usr/lib/arm-linux-androideabi/21]
    arg [-L/data/data/com.termux/files/home/android/android-ndk-r21/toolchains/llvm/prebuilt/linux-aarch64/sysroot/usr/lib/arm-linux-androideabi] ==> dir [/data/data/com.termux/files/home/android/android-ndk-r21/toolchains/llvm/prebuilt/linux-aarch64/sysroot/usr/lib/arm-linux-androideabi]
    arg [-L/data/data/com.termux/files/home/android/android-ndk-r21/toolchains/llvm/prebuilt/linux-aarch64/sysroot/usr/lib/../lib] ==> dir [/data/data/com.termux/files/home/android/android-ndk-r21/toolchains/llvm/prebuilt/linux-aarch64/sysroot/usr/lib/../lib]
    arg [-L/data/data/com.termux/files/home/android/android-ndk-r21/toolchains/llvm/prebuilt/linux-aarch64/sysroot/usr/lib/arm-linux-androideabi/../../lib] ==> dir [/data/data/com.termux/files/home/android/android-ndk-r21/toolchains/llvm/prebuilt/linux-aarch64/sysroot/usr/lib/arm-linux-androideabi/../../lib]
    arg [-L/data/data/com.termux/files/home/android/android-ndk-r21/toolchains/llvm/prebuilt/linux-aarch64/lib/gcc/arm-linux-androideabi/4.9.x/../../../../arm-linux-androideabi/lib/armv7-a/thumb] ==> dir [/data/data/com.termux/files/home/android/android-ndk-r21/toolchains/llvm/prebuilt/linux-aarch64/lib/gcc/arm-linux-androideabi/4.9.x/../../../../arm-linux-androideabi/lib/armv7-a/thumb]
    arg [-L/data/data/com.termux/files/home/android/android-ndk-r21/toolchains/llvm/prebuilt/linux-aarch64/sysroot/usr/lib] ==> dir [/data/data/com.termux/files/home/android/android-ndk-r21/toolchains/llvm/prebuilt/linux-aarch64/sysroot/usr/lib]
    arg [--exclude-libs] ==> ignore
    arg [libgcc_real.a] ==> ignore
    arg [--exclude-libs] ==> ignore
    arg [libatomic.a] ==> ignore
    arg [--build-id] ==> ignore
    arg [--fatal-warnings] ==> ignore
    arg [--exclude-libs] ==> ignore
    arg [libunwind.a] ==> ignore
    arg [--no-undefined] ==> ignore
    arg [--gc-sections] ==> ignore
    arg [CMakeFiles/cmTC_ab740.dir/CMakeCCompilerABI.c.o] ==> ignore
    arg [-lgcc] ==> lib [gcc]
    arg [-ldl] ==> lib [dl]
    arg [-lc] ==> lib [c]
    arg [-lgcc] ==> lib [gcc]
    arg [-ldl] ==> lib [dl]
    arg [/data/data/com.termux/files/home/android/android-ndk-r21/toolchains/llvm/prebuilt/linux-aarch64/sysroot/usr/lib/arm-linux-androideabi/21/crtend_android.o] ==> ignore
  collapse library dir [/data/data/com.termux/files/home/android/android-ndk-r21/toolchains/llvm/prebuilt/linux-aarch64/lib/gcc/arm-linux-androideabi/4.9.x/armv7-a/thumb] ==> [/data/data/com.termux/files/home/android/android-ndk-r21/toolchains/llvm/prebuilt/linux-aarch64/lib/gcc/arm-linux-androideabi/4.9.x/armv7-a/thumb]
  collapse library dir [/data/data/com.termux/files/home/android/android-ndk-r21/toolchains/llvm/prebuilt/linux-aarch64/lib/gcc/arm-linux-androideabi/4.9.x/../../../../arm-linux-androideabi/lib/../lib/armv7-a/thumb] ==> [/data/data/com.termux/files/home/android/android-ndk-r21/toolchains/llvm/prebuilt/linux-aarch64/arm-linux-androideabi/lib/armv7-a/thumb]
  collapse library dir [/data/data/com.termux/files/home/android/android-ndk-r21/toolchains/llvm/prebuilt/linux-aarch64/sysroot/usr/lib/arm-linux-androideabi/21] ==> [/data/data/com.termux/files/home/android/android-ndk-r21/toolchains/llvm/prebuilt/linux-aarch64/sysroot/usr/lib/arm-linux-androideabi/21]
  collapse library dir [/data/data/com.termux/files/home/android/android-ndk-r21/toolchains/llvm/prebuilt/linux-aarch64/sysroot/usr/lib/arm-linux-androideabi] ==> [/data/data/com.termux/files/home/android/android-ndk-r21/toolchains/llvm/prebuilt/linux-aarch64/sysroot/usr/lib/arm-linux-androideabi]
  collapse library dir [/data/data/com.termux/files/home/android/android-ndk-r21/toolchains/llvm/prebuilt/linux-aarch64/sysroot/usr/lib/../lib] ==> [/data/data/com.termux/files/home/android/android-ndk-r21/toolchains/llvm/prebuilt/linux-aarch64/sysroot/usr/lib]
  collapse library dir [/data/data/com.termux/files/home/android/android-ndk-r21/toolchains/llvm/prebuilt/linux-aarch64/sysroot/usr/lib/arm-linux-androideabi/../../lib] ==> [/data/data/com.termux/files/home/android/android-ndk-r21/toolchains/llvm/prebuilt/linux-aarch64/sysroot/usr/lib]
  collapse library dir [/data/data/com.termux/files/home/android/android-ndk-r21/toolchains/llvm/prebuilt/linux-aarch64/lib/gcc/arm-linux-androideabi/4.9.x/../../../../arm-linux-androideabi/lib/armv7-a/thumb] ==> [/data/data/com.termux/files/home/android/android-ndk-r21/toolchains/llvm/prebuilt/linux-aarch64/arm-linux-androideabi/lib/armv7-a/thumb]
  collapse library dir [/data/data/com.termux/files/home/android/android-ndk-r21/toolchains/llvm/prebuilt/linux-aarch64/sysroot/usr/lib] ==> [/data/data/com.termux/files/home/android/android-ndk-r21/toolchains/llvm/prebuilt/linux-aarch64/sysroot/usr/lib]
  implicit libs: [gcc;dl;c;gcc;dl]
  implicit dirs: [/data/data/com.termux/files/home/android/android-ndk-r21/toolchains/llvm/prebuilt/linux-aarch64/lib/gcc/arm-linux-androideabi/4.9.x/armv7-a/thumb;/data/data/com.termux/files/home/android/android-ndk-r21/toolchains/llvm/prebuilt/linux-aarch64/arm-linux-androideabi/lib/armv7-a/thumb;/data/data/com.termux/files/home/android/android-ndk-r21/toolchains/llvm/prebuilt/linux-aarch64/sysroot/usr/lib/arm-linux-androideabi/21;/data/data/com.termux/files/home/android/android-ndk-r21/toolchains/llvm/prebuilt/linux-aarch64/sysroot/usr/lib/arm-linux-androideabi;/data/data/com.termux/files/home/android/android-ndk-r21/toolchains/llvm/prebuilt/linux-aarch64/sysroot/usr/lib]
  implicit fwks: []


Determining if the CXX compiler works passed with the following output:
Change Dir: /storage/emulated/0/mt2/termux-ndk/cmake-example/app/.cxx/cmake/release/armeabi-v7a/CMakeFiles/CMakeTmp

Run Build Command(s):/data/data/com.termux/files/usr/bin/ninja cmTC_8ab9e && [1/2] Building CXX object CMakeFiles/cmTC_8ab9e.dir/testCXXCompiler.cxx.o
[2/2] Linking CXX executable cmTC_8ab9e



Detecting CXX compiler ABI info compiled with the following output:
Change Dir: /storage/emulated/0/mt2/termux-ndk/cmake-example/app/.cxx/cmake/release/armeabi-v7a/CMakeFiles/CMakeTmp

Run Build Command(s):/data/data/com.termux/files/usr/bin/ninja cmTC_ff4fa && [1/2] Building CXX object CMakeFiles/cmTC_ff4fa.dir/CMakeCXXCompilerABI.cpp.o
Android (dev based on r383902) clang version 11.0.1 (https://android.googlesource.com/toolchain/llvm-project b397f81060ce6d701042b782172ed13bee898b79)
Target: armv7-none-linux-android21
Thread model: posix
InstalledDir: /data/data/com.termux/files/home/android/android-ndk-r21/toolchains/llvm/prebuilt/linux-aarch64/bin
Found candidate GCC installation: /data/data/com.termux/files/home/android/android-ndk-r21/toolchains/llvm/prebuilt/linux-aarch64/lib/gcc/arm-linux-androideabi/4.9.x
Selected GCC installation: /data/data/com.termux/files/home/android/android-ndk-r21/toolchains/llvm/prebuilt/linux-aarch64/lib/gcc/arm-linux-androideabi/4.9.x
Candidate multilib: thumb;@mthumb
Candidate multilib: armv7-a;@march=armv7-a
Candidate multilib: armv7-a/thumb;@march=armv7-a@mthumb
Candidate multilib: .;
Selected multilib: armv7-a/thumb;@march=armv7-a@mthumb
 (in-process)
 "/data/data/com.termux/files/home/android/android-ndk-r21/toolchains/llvm/prebuilt/linux-aarch64/bin/clang++.real" -cc1 -triple thumbv7-none-linux-android21 -emit-obj -mrelax-all -mnoexecstack -disable-free -disable-llvm-verifier -discard-value-names -main-file-name CMakeCXXCompilerABI.cpp -mrelocation-model pic -pic-level 2 -pic-is-pie -mthread-model posix -mframe-pointer=all -fno-rounding-math -masm-verbose -mconstructor-aliases -munwind-tables -target-cpu generic -target-feature +soft-float-abi -target-feature +vfp2 -target-feature +vfp2sp -target-feature +vfp3 -target-feature +vfp3d16 -target-feature +vfp3d16sp -target-feature +vfp3sp -target-feature -fp16 -target-feature -vfp4 -target-feature -vfp4d16 -target-feature -vfp4d16sp -target-feature -vfp4sp -target-feature -fp-armv8 -target-feature -fp-armv8d16 -target-feature -fp-armv8d16sp -target-feature -fp-armv8sp -target-feature -fullfp16 -target-feature +fp64 -target-feature +d32 -target-feature +neon -target-feature -crypto -target-feature -fp16fml -target-abi aapcs-linux -mfloat-abi soft -fallow-half-arguments-and-returns -dwarf-column-info -fno-split-dwarf-inlining -debug-info-kind=limited -dwarf-version=4 -debugger-tuning=gdb -v -ffunction-sections -fdata-sections -resource-dir /data/data/com.termux/files/home/android/android-ndk-r21/toolchains/llvm/prebuilt/linux-aarch64/lib64/clang/11.0.1 -D ANDROID -D _FORTIFY_SOURCE=2 -isysroot /data/data/com.termux/files/home/android/android-ndk-r21/toolchains/llvm/prebuilt/linux-aarch64/sysroot -internal-isystem /data/data/com.termux/files/home/android/android-ndk-r21/toolchains/llvm/prebuilt/linux-aarch64/sysroot/usr/include/c++/v1 -internal-isystem /data/data/com.termux/files/home/android/android-ndk-r21/toolchains/llvm/prebuilt/linux-aarch64/sysroot/usr/local/include -internal-isystem /data/data/com.termux/files/home/android/android-ndk-r21/toolchains/llvm/prebuilt/linux-aarch64/lib64/clang/11.0.1/include -internal-externc-isystem /data/data/com.termux/files/home/android/android-ndk-r21/toolchains/llvm/prebuilt/linux-aarch64/sysroot/usr/include/arm-linux-androideabi -internal-externc-isystem /data/data/com.termux/files/home/android/android-ndk-r21/toolchains/llvm/prebuilt/linux-aarch64/sysroot/include -internal-externc-isystem /data/data/com.termux/files/home/android/android-ndk-r21/toolchains/llvm/prebuilt/linux-aarch64/sysroot/usr/include -Wformat -fdeprecated-macro -fdebug-compilation-dir /storage/emulated/0/mt2/termux-ndk/cmake-example/app/.cxx/cmake/release/armeabi-v7a/CMakeFiles/CMakeTmp -ferror-limit 19 -fmessage-length 0 -stack-protector 2 -fno-signed-char -fgnuc-version=4.2.1 -fobjc-runtime=gcc -fcxx-exceptions -fexceptions -fdiagnostics-show-option -o CMakeFiles/cmTC_ff4fa.dir/CMakeCXXCompilerABI.cpp.o -x c++ /data/data/com.termux/files/home/android/android-sdk/cmake/share/cmake-3.17/Modules/CMakeCXXCompilerABI.cpp
clang -cc1 version 11.0.1 based upon LLVM 11.0.1git default target aarch64-unknown-linux-gnu
ignoring nonexistent directory "/data/data/com.termux/files/home/android/android-ndk-r21/toolchains/llvm/prebuilt/linux-aarch64/sysroot/include"
#include "..." search starts here:
#include <...> search starts here:
 /data/data/com.termux/files/home/android/android-ndk-r21/toolchains/llvm/prebuilt/linux-aarch64/sysroot/usr/include/c++/v1
 /data/data/com.termux/files/home/android/android-ndk-r21/toolchains/llvm/prebuilt/linux-aarch64/sysroot/usr/local/include
 /data/data/com.termux/files/home/android/android-ndk-r21/toolchains/llvm/prebuilt/linux-aarch64/lib64/clang/11.0.1/include
 /data/data/com.termux/files/home/android/android-ndk-r21/toolchains/llvm/prebuilt/linux-aarch64/sysroot/usr/include/arm-linux-androideabi
 /data/data/com.termux/files/home/android/android-ndk-r21/toolchains/llvm/prebuilt/linux-aarch64/sysroot/usr/include
End of search list.
[2/2] Linking CXX executable cmTC_ff4fa
Android (dev based on r383902) clang version 11.0.1 (https://android.googlesource.com/toolchain/llvm-project b397f81060ce6d701042b782172ed13bee898b79)
Target: armv7-none-linux-android21
Thread model: posix
InstalledDir: /data/data/com.termux/files/home/android/android-ndk-r21/toolchains/llvm/prebuilt/linux-aarch64/bin
Found candidate GCC installation: /data/data/com.termux/files/home/android/android-ndk-r21/toolchains/llvm/prebuilt/linux-aarch64/lib/gcc/arm-linux-androideabi/4.9.x
Selected GCC installation: /data/data/com.termux/files/home/android/android-ndk-r21/toolchains/llvm/prebuilt/linux-aarch64/lib/gcc/arm-linux-androideabi/4.9.x
Candidate multilib: thumb;@mthumb
Candidate multilib: armv7-a;@march=armv7-a
Candidate multilib: armv7-a/thumb;@march=armv7-a@mthumb
Candidate multilib: .;
Selected multilib: armv7-a/thumb;@march=armv7-a@mthumb
 "/data/data/com.termux/files/home/android/android-ndk-r21/toolchains/llvm/prebuilt/linux-aarch64/lib/gcc/arm-linux-androideabi/4.9.x/../../../../arm-linux-androideabi/bin/ld" --sysroot=/data/data/com.termux/files/home/android/android-ndk-r21/toolchains/llvm/prebuilt/linux-aarch64/sysroot -pie -z noexecstack -EL --warn-shared-textrel -z now -z relro -X --hash-style=both --enable-new-dtags --eh-frame-hdr -m armelf_linux_eabi -dynamic-linker /system/bin/linker -o cmTC_ff4fa /data/data/com.termux/files/home/android/android-ndk-r21/toolchains/llvm/prebuilt/linux-aarch64/sysroot/usr/lib/arm-linux-androideabi/21/crtbegin_dynamic.o -L/data/data/com.termux/files/home/android/android-ndk-r21/toolchains/llvm/prebuilt/linux-aarch64/lib/gcc/arm-linux-androideabi/4.9.x/armv7-a/thumb -L/data/data/com.termux/files/home/android/android-ndk-r21/toolchains/llvm/prebuilt/linux-aarch64/lib/gcc/arm-linux-androideabi/4.9.x/../../../../arm-linux-androideabi/lib/../lib/armv7-a/thumb -L/data/data/com.termux/files/home/android/android-ndk-r21/toolchains/llvm/prebuilt/linux-aarch64/sysroot/usr/lib/arm-linux-androideabi/21 -L/data/data/com.termux/files/home/android/android-ndk-r21/toolchains/llvm/prebuilt/linux-aarch64/sysroot/usr/lib/arm-linux-androideabi -L/data/data/com.termux/files/home/android/android-ndk-r21/toolchains/llvm/prebuilt/linux-aarch64/sysroot/usr/lib/../lib -L/data/data/com.termux/files/home/android/android-ndk-r21/toolchains/llvm/prebuilt/linux-aarch64/sysroot/usr/lib/arm-linux-androideabi/../../lib -L/data/data/com.termux/files/home/android/android-ndk-r21/toolchains/llvm/prebuilt/linux-aarch64/lib/gcc/arm-linux-androideabi/4.9.x/../../../../arm-linux-androideabi/lib/armv7-a/thumb -L/data/data/com.termux/files/home/android/android-ndk-r21/toolchains/llvm/prebuilt/linux-aarch64/sysroot/usr/lib --exclude-libs libgcc_real.a --exclude-libs libatomic.a --build-id --fatal-warnings --exclude-libs libunwind.a --no-undefined --gc-sections CMakeFiles/cmTC_ff4fa.dir/CMakeCXXCompilerABI.cpp.o -Bstatic -lc++ -Bdynamic -lm -lgcc -ldl -lc -lgcc -ldl /data/data/com.termux/files/home/android/android-ndk-r21/toolchains/llvm/prebuilt/linux-aarch64/sysroot/usr/lib/arm-linux-androideabi/21/crtend_android.o



Parsed CXX implicit include dir info from above output: rv=done
  found start of include info
  found start of implicit include info
    add: [/data/data/com.termux/files/home/android/android-ndk-r21/toolchains/llvm/prebuilt/linux-aarch64/sysroot/usr/include/c++/v1]
    add: [/data/data/com.termux/files/home/android/android-ndk-r21/toolchains/llvm/prebuilt/linux-aarch64/sysroot/usr/local/include]
    add: [/data/data/com.termux/files/home/android/android-ndk-r21/toolchains/llvm/prebuilt/linux-aarch64/lib64/clang/11.0.1/include]
    add: [/data/data/com.termux/files/home/android/android-ndk-r21/toolchains/llvm/prebuilt/linux-aarch64/sysroot/usr/include/arm-linux-androideabi]
    add: [/data/data/com.termux/files/home/android/android-ndk-r21/toolchains/llvm/prebuilt/linux-aarch64/sysroot/usr/include]
  end of search list found
  collapse include dir [/data/data/com.termux/files/home/android/android-ndk-r21/toolchains/llvm/prebuilt/linux-aarch64/sysroot/usr/include/c++/v1] ==> [/data/data/com.termux/files/home/android/android-ndk-r21/toolchains/llvm/prebuilt/linux-aarch64/sysroot/usr/include/c++/v1]
  collapse include dir [/data/data/com.termux/files/home/android/android-ndk-r21/toolchains/llvm/prebuilt/linux-aarch64/sysroot/usr/local/include] ==> [/data/data/com.termux/files/home/android/android-ndk-r21/toolchains/llvm/prebuilt/linux-aarch64/sysroot/usr/local/include]
  collapse include dir [/data/data/com.termux/files/home/android/android-ndk-r21/toolchains/llvm/prebuilt/linux-aarch64/lib64/clang/11.0.1/include] ==> [/data/data/com.termux/files/home/android/android-ndk-r21/toolchains/llvm/prebuilt/linux-aarch64/lib64/clang/11.0.1/include]
  collapse include dir [/data/data/com.termux/files/home/android/android-ndk-r21/toolchains/llvm/prebuilt/linux-aarch64/sysroot/usr/include/arm-linux-androideabi] ==> [/data/data/com.termux/files/home/android/android-ndk-r21/toolchains/llvm/prebuilt/linux-aarch64/sysroot/usr/include/arm-linux-androideabi]
  collapse include dir [/data/data/com.termux/files/home/android/android-ndk-r21/toolchains/llvm/prebuilt/linux-aarch64/sysroot/usr/include] ==> [/data/data/com.termux/files/home/android/android-ndk-r21/toolchains/llvm/prebuilt/linux-aarch64/sysroot/usr/include]
  implicit include dirs: [/data/data/com.termux/files/home/android/android-ndk-r21/toolchains/llvm/prebuilt/linux-aarch64/sysroot/usr/include/c++/v1;/data/data/com.termux/files/home/android/android-ndk-r21/toolchains/llvm/prebuilt/linux-aarch64/sysroot/usr/local/include;/data/data/com.termux/files/home/android/android-ndk-r21/toolchains/llvm/prebuilt/linux-aarch64/lib64/clang/11.0.1/include;/data/data/com.termux/files/home/android/android-ndk-r21/toolchains/llvm/prebuilt/linux-aarch64/sysroot/usr/include/arm-linux-androideabi;/data/data/com.termux/files/home/android/android-ndk-r21/toolchains/llvm/prebuilt/linux-aarch64/sysroot/usr/include]


Parsed CXX implicit link information from above output:
  link line regex: [^( *|.*[/\])(arm-linux-androideabi-ld|CMAKE_LINK_STARTFILE-NOTFOUND|([^/\]+-)?ld|collect2)[^/\]*( |$)]
  ignore line: [Change Dir: /storage/emulated/0/mt2/termux-ndk/cmake-example/app/.cxx/cmake/release/armeabi-v7a/CMakeFiles/CMakeTmp]
  ignore line: []
  ignore line: [Run Build Command(s):/data/data/com.termux/files/usr/bin/ninja cmTC_ff4fa && [1/2] Building CXX object CMakeFiles/cmTC_ff4fa.dir/CMakeCXXCompilerABI.cpp.o]
  ignore line: [Android (dev based on r383902) clang version 11.0.1 (https://android.googlesource.com/toolchain/llvm-project b397f81060ce6d701042b782172ed13bee898b79)]
  ignore line: [Target: armv7-none-linux-android21]
  ignore line: [Thread model: posix]
  ignore line: [InstalledDir: /data/data/com.termux/files/home/android/android-ndk-r21/toolchains/llvm/prebuilt/linux-aarch64/bin]
  ignore line: [Found candidate GCC installation: /data/data/com.termux/files/home/android/android-ndk-r21/toolchains/llvm/prebuilt/linux-aarch64/lib/gcc/arm-linux-androideabi/4.9.x]
  ignore line: [Selected GCC installation: /data/data/com.termux/files/home/android/android-ndk-r21/toolchains/llvm/prebuilt/linux-aarch64/lib/gcc/arm-linux-androideabi/4.9.x]
  ignore line: [Candidate multilib: thumb]
  ignore line: [@mthumb]
  ignore line: [Candidate multilib: armv7-a]
  ignore line: [@march=armv7-a]
  ignore line: [Candidate multilib: armv7-a/thumb]
  ignore line: [@march=armv7-a@mthumb]
  ignore line: [Candidate multilib: .]
  ignore line: []
  ignore line: [Selected multilib: armv7-a/thumb]
  ignore line: [@march=armv7-a@mthumb]
  ignore line: [ (in-process)]
  ignore line: [ "/data/data/com.termux/files/home/android/android-ndk-r21/toolchains/llvm/prebuilt/linux-aarch64/bin/clang++.real" -cc1 -triple thumbv7-none-linux-android21 -emit-obj -mrelax-all -mnoexecstack -disable-free -disable-llvm-verifier -discard-value-names -main-file-name CMakeCXXCompilerABI.cpp -mrelocation-model pic -pic-level 2 -pic-is-pie -mthread-model posix -mframe-pointer=all -fno-rounding-math -masm-verbose -mconstructor-aliases -munwind-tables -target-cpu generic -target-feature +soft-float-abi -target-feature +vfp2 -target-feature +vfp2sp -target-feature +vfp3 -target-feature +vfp3d16 -target-feature +vfp3d16sp -target-feature +vfp3sp -target-feature -fp16 -target-feature -vfp4 -target-feature -vfp4d16 -target-feature -vfp4d16sp -target-feature -vfp4sp -target-feature -fp-armv8 -target-feature -fp-armv8d16 -target-feature -fp-armv8d16sp -target-feature -fp-armv8sp -target-feature -fullfp16 -target-feature +fp64 -target-feature +d32 -target-feature +neon -target-feature -crypto -target-feature -fp16fml -target-abi aapcs-linux -mfloat-abi soft -fallow-half-arguments-and-returns -dwarf-column-info -fno-split-dwarf-inlining -debug-info-kind=limited -dwarf-version=4 -debugger-tuning=gdb -v -ffunction-sections -fdata-sections -resource-dir /data/data/com.termux/files/home/android/android-ndk-r21/toolchains/llvm/prebuilt/linux-aarch64/lib64/clang/11.0.1 -D ANDROID -D _FORTIFY_SOURCE=2 -isysroot /data/data/com.termux/files/home/android/android-ndk-r21/toolchains/llvm/prebuilt/linux-aarch64/sysroot -internal-isystem /data/data/com.termux/files/home/android/android-ndk-r21/toolchains/llvm/prebuilt/linux-aarch64/sysroot/usr/include/c++/v1 -internal-isystem /data/data/com.termux/files/home/android/android-ndk-r21/toolchains/llvm/prebuilt/linux-aarch64/sysroot/usr/local/include -internal-isystem /data/data/com.termux/files/home/android/android-ndk-r21/toolchains/llvm/prebuilt/linux-aarch64/lib64/clang/11.0.1/include -internal-externc-isystem /data/data/com.termux/files/home/android/android-ndk-r21/toolchains/llvm/prebuilt/linux-aarch64/sysroot/usr/include/arm-linux-androideabi -internal-externc-isystem /data/data/com.termux/files/home/android/android-ndk-r21/toolchains/llvm/prebuilt/linux-aarch64/sysroot/include -internal-externc-isystem /data/data/com.termux/files/home/android/android-ndk-r21/toolchains/llvm/prebuilt/linux-aarch64/sysroot/usr/include -Wformat -fdeprecated-macro -fdebug-compilation-dir /storage/emulated/0/mt2/termux-ndk/cmake-example/app/.cxx/cmake/release/armeabi-v7a/CMakeFiles/CMakeTmp -ferror-limit 19 -fmessage-length 0 -stack-protector 2 -fno-signed-char -fgnuc-version=4.2.1 -fobjc-runtime=gcc -fcxx-exceptions -fexceptions -fdiagnostics-show-option -o CMakeFiles/cmTC_ff4fa.dir/CMakeCXXCompilerABI.cpp.o -x c++ /data/data/com.termux/files/home/android/android-sdk/cmake/share/cmake-3.17/Modules/CMakeCXXCompilerABI.cpp]
  ignore line: [clang -cc1 version 11.0.1 based upon LLVM 11.0.1git default target aarch64-unknown-linux-gnu]
  ignore line: [ignoring nonexistent directory "/data/data/com.termux/files/home/android/android-ndk-r21/toolchains/llvm/prebuilt/linux-aarch64/sysroot/include"]
  ignore line: [#include "..." search starts here:]
  ignore line: [#include <...> search starts here:]
  ignore line: [ /data/data/com.termux/files/home/android/android-ndk-r21/toolchains/llvm/prebuilt/linux-aarch64/sysroot/usr/include/c++/v1]
  ignore line: [ /data/data/com.termux/files/home/android/android-ndk-r21/toolchains/llvm/prebuilt/linux-aarch64/sysroot/usr/local/include]
  ignore line: [ /data/data/com.termux/files/home/android/android-ndk-r21/toolchains/llvm/prebuilt/linux-aarch64/lib64/clang/11.0.1/include]
  ignore line: [ /data/data/com.termux/files/home/android/android-ndk-r21/toolchains/llvm/prebuilt/linux-aarch64/sysroot/usr/include/arm-linux-androideabi]
  ignore line: [ /data/data/com.termux/files/home/android/android-ndk-r21/toolchains/llvm/prebuilt/linux-aarch64/sysroot/usr/include]
  ignore line: [End of search list.]
  ignore line: [[2/2] Linking CXX executable cmTC_ff4fa]
  ignore line: [Android (dev based on r383902) clang version 11.0.1 (https://android.googlesource.com/toolchain/llvm-project b397f81060ce6d701042b782172ed13bee898b79)]
  ignore line: [Target: armv7-none-linux-android21]
  ignore line: [Thread model: posix]
  ignore line: [InstalledDir: /data/data/com.termux/files/home/android/android-ndk-r21/toolchains/llvm/prebuilt/linux-aarch64/bin]
  ignore line: [Found candidate GCC installation: /data/data/com.termux/files/home/android/android-ndk-r21/toolchains/llvm/prebuilt/linux-aarch64/lib/gcc/arm-linux-androideabi/4.9.x]
  ignore line: [Selected GCC installation: /data/data/com.termux/files/home/android/android-ndk-r21/toolchains/llvm/prebuilt/linux-aarch64/lib/gcc/arm-linux-androideabi/4.9.x]
  ignore line: [Candidate multilib: thumb]
  ignore line: [@mthumb]
  ignore line: [Candidate multilib: armv7-a]
  ignore line: [@march=armv7-a]
  ignore line: [Candidate multilib: armv7-a/thumb]
  ignore line: [@march=armv7-a@mthumb]
  ignore line: [Candidate multilib: .]
  ignore line: []
  ignore line: [Selected multilib: armv7-a/thumb]
  ignore line: [@march=armv7-a@mthumb]
  link line: [ "/data/data/com.termux/files/home/android/android-ndk-r21/toolchains/llvm/prebuilt/linux-aarch64/lib/gcc/arm-linux-androideabi/4.9.x/../../../../arm-linux-androideabi/bin/ld" --sysroot=/data/data/com.termux/files/home/android/android-ndk-r21/toolchains/llvm/prebuilt/linux-aarch64/sysroot -pie -z noexecstack -EL --warn-shared-textrel -z now -z relro -X --hash-style=both --enable-new-dtags --eh-frame-hdr -m armelf_linux_eabi -dynamic-linker /system/bin/linker -o cmTC_ff4fa /data/data/com.termux/files/home/android/android-ndk-r21/toolchains/llvm/prebuilt/linux-aarch64/sysroot/usr/lib/arm-linux-androideabi/21/crtbegin_dynamic.o -L/data/data/com.termux/files/home/android/android-ndk-r21/toolchains/llvm/prebuilt/linux-aarch64/lib/gcc/arm-linux-androideabi/4.9.x/armv7-a/thumb -L/data/data/com.termux/files/home/android/android-ndk-r21/toolchains/llvm/prebuilt/linux-aarch64/lib/gcc/arm-linux-androideabi/4.9.x/../../../../arm-linux-androideabi/lib/../lib/armv7-a/thumb -L/data/data/com.termux/files/home/android/android-ndk-r21/toolchains/llvm/prebuilt/linux-aarch64/sysroot/usr/lib/arm-linux-androideabi/21 -L/data/data/com.termux/files/home/android/android-ndk-r21/toolchains/llvm/prebuilt/linux-aarch64/sysroot/usr/lib/arm-linux-androideabi -L/data/data/com.termux/files/home/android/android-ndk-r21/toolchains/llvm/prebuilt/linux-aarch64/sysroot/usr/lib/../lib -L/data/data/com.termux/files/home/android/android-ndk-r21/toolchains/llvm/prebuilt/linux-aarch64/sysroot/usr/lib/arm-linux-androideabi/../../lib -L/data/data/com.termux/files/home/android/android-ndk-r21/toolchains/llvm/prebuilt/linux-aarch64/lib/gcc/arm-linux-androideabi/4.9.x/../../../../arm-linux-androideabi/lib/armv7-a/thumb -L/data/data/com.termux/files/home/android/android-ndk-r21/toolchains/llvm/prebuilt/linux-aarch64/sysroot/usr/lib --exclude-libs libgcc_real.a --exclude-libs libatomic.a --build-id --fatal-warnings --exclude-libs libunwind.a --no-undefined --gc-sections CMakeFiles/cmTC_ff4fa.dir/CMakeCXXCompilerABI.cpp.o -Bstatic -lc++ -Bdynamic -lm -lgcc -ldl -lc -lgcc -ldl /data/data/com.termux/files/home/android/android-ndk-r21/toolchains/llvm/prebuilt/linux-aarch64/sysroot/usr/lib/arm-linux-androideabi/21/crtend_android.o]
    arg [/data/data/com.termux/files/home/android/android-ndk-r21/toolchains/llvm/prebuilt/linux-aarch64/lib/gcc/arm-linux-androideabi/4.9.x/../../../../arm-linux-androideabi/bin/ld] ==> ignore
    arg [--sysroot=/data/data/com.termux/files/home/android/android-ndk-r21/toolchains/llvm/prebuilt/linux-aarch64/sysroot] ==> ignore
    arg [-pie] ==> ignore
    arg [-znoexecstack] ==> ignore
    arg [-EL] ==> ignore
    arg [--warn-shared-textrel] ==> ignore
    arg [-znow] ==> ignore
    arg [-zrelro] ==> ignore
    arg [-X] ==> ignore
    arg [--hash-style=both] ==> ignore
    arg [--enable-new-dtags] ==> ignore
    arg [--eh-frame-hdr] ==> ignore
    arg [-m] ==> ignore
    arg [armelf_linux_eabi] ==> ignore
    arg [-dynamic-linker] ==> ignore
    arg [/system/bin/linker] ==> ignore
    arg [-o] ==> ignore
    arg [cmTC_ff4fa] ==> ignore
    arg [/data/data/com.termux/files/home/android/android-ndk-r21/toolchains/llvm/prebuilt/linux-aarch64/sysroot/usr/lib/arm-linux-androideabi/21/crtbegin_dynamic.o] ==> ignore
    arg [-L/data/data/com.termux/files/home/android/android-ndk-r21/toolchains/llvm/prebuilt/linux-aarch64/lib/gcc/arm-linux-androideabi/4.9.x/armv7-a/thumb] ==> dir [/data/data/com.termux/files/home/android/android-ndk-r21/toolchains/llvm/prebuilt/linux-aarch64/lib/gcc/arm-linux-androideabi/4.9.x/armv7-a/thumb]
    arg [-L/data/data/com.termux/files/home/android/android-ndk-r21/toolchains/llvm/prebuilt/linux-aarch64/lib/gcc/arm-linux-androideabi/4.9.x/../../../../arm-linux-androideabi/lib/../lib/armv7-a/thumb] ==> dir [/data/data/com.termux/files/home/android/android-ndk-r21/toolchains/llvm/prebuilt/linux-aarch64/lib/gcc/arm-linux-androideabi/4.9.x/../../../../arm-linux-androideabi/lib/../lib/armv7-a/thumb]
    arg [-L/data/data/com.termux/files/home/android/android-ndk-r21/toolchains/llvm/prebuilt/linux-aarch64/sysroot/usr/lib/arm-linux-androideabi/21] ==> dir [/data/data/com.termux/files/home/android/android-ndk-r21/toolchains/llvm/prebuilt/linux-aarch64/sysroot/usr/lib/arm-linux-androideabi/21]
    arg [-L/data/data/com.termux/files/home/android/android-ndk-r21/toolchains/llvm/prebuilt/linux-aarch64/sysroot/usr/lib/arm-linux-androideabi] ==> dir [/data/data/com.termux/files/home/android/android-ndk-r21/toolchains/llvm/prebuilt/linux-aarch64/sysroot/usr/lib/arm-linux-androideabi]
    arg [-L/data/data/com.termux/files/home/android/android-ndk-r21/toolchains/llvm/prebuilt/linux-aarch64/sysroot/usr/lib/../lib] ==> dir [/data/data/com.termux/files/home/android/android-ndk-r21/toolchains/llvm/prebuilt/linux-aarch64/sysroot/usr/lib/../lib]
    arg [-L/data/data/com.termux/files/home/android/android-ndk-r21/toolchains/llvm/prebuilt/linux-aarch64/sysroot/usr/lib/arm-linux-androideabi/../../lib] ==> dir [/data/data/com.termux/files/home/android/android-ndk-r21/toolchains/llvm/prebuilt/linux-aarch64/sysroot/usr/lib/arm-linux-androideabi/../../lib]
    arg [-L/data/data/com.termux/files/home/android/android-ndk-r21/toolchains/llvm/prebuilt/linux-aarch64/lib/gcc/arm-linux-androideabi/4.9.x/../../../../arm-linux-androideabi/lib/armv7-a/thumb] ==> dir [/data/data/com.termux/files/home/android/android-ndk-r21/toolchains/llvm/prebuilt/linux-aarch64/lib/gcc/arm-linux-androideabi/4.9.x/../../../../arm-linux-androideabi/lib/armv7-a/thumb]
    arg [-L/data/data/com.termux/files/home/android/android-ndk-r21/toolchains/llvm/prebuilt/linux-aarch64/sysroot/usr/lib] ==> dir [/data/data/com.termux/files/home/android/android-ndk-r21/toolchains/llvm/prebuilt/linux-aarch64/sysroot/usr/lib]
    arg [--exclude-libs] ==> ignore
    arg [libgcc_real.a] ==> ignore
    arg [--exclude-libs] ==> ignore
    arg [libatomic.a] ==> ignore
    arg [--build-id] ==> ignore
    arg [--fatal-warnings] ==> ignore
    arg [--exclude-libs] ==> ignore
    arg [libunwind.a] ==> ignore
    arg [--no-undefined] ==> ignore
    arg [--gc-sections] ==> ignore
    arg [CMakeFiles/cmTC_ff4fa.dir/CMakeCXXCompilerABI.cpp.o] ==> ignore
    arg [-Bstatic] ==> ignore
    arg [-lc++] ==> lib [c++]
    arg [-Bdynamic] ==> ignore
    arg [-lm] ==> lib [m]
    arg [-lgcc] ==> lib [gcc]
    arg [-ldl] ==> lib [dl]
    arg [-lc] ==> lib [c]
    arg [-lgcc] ==> lib [gcc]
    arg [-ldl] ==> lib [dl]
    arg [/data/data/com.termux/files/home/android/android-ndk-r21/toolchains/llvm/prebuilt/linux-aarch64/sysroot/usr/lib/arm-linux-androideabi/21/crtend_android.o] ==> ignore
  collapse library dir [/data/data/com.termux/files/home/android/android-ndk-r21/toolchains/llvm/prebuilt/linux-aarch64/lib/gcc/arm-linux-androideabi/4.9.x/armv7-a/thumb] ==> [/data/data/com.termux/files/home/android/android-ndk-r21/toolchains/llvm/prebuilt/linux-aarch64/lib/gcc/arm-linux-androideabi/4.9.x/armv7-a/thumb]
  collapse library dir [/data/data/com.termux/files/home/android/android-ndk-r21/toolchains/llvm/prebuilt/linux-aarch64/lib/gcc/arm-linux-androideabi/4.9.x/../../../../arm-linux-androideabi/lib/../lib/armv7-a/thumb] ==> [/data/data/com.termux/files/home/android/android-ndk-r21/toolchains/llvm/prebuilt/linux-aarch64/arm-linux-androideabi/lib/armv7-a/thumb]
  collapse library dir [/data/data/com.termux/files/home/android/android-ndk-r21/toolchains/llvm/prebuilt/linux-aarch64/sysroot/usr/lib/arm-linux-androideabi/21] ==> [/data/data/com.termux/files/home/android/android-ndk-r21/toolchains/llvm/prebuilt/linux-aarch64/sysroot/usr/lib/arm-linux-androideabi/21]
  collapse library dir [/data/data/com.termux/files/home/android/android-ndk-r21/toolchains/llvm/prebuilt/linux-aarch64/sysroot/usr/lib/arm-linux-androideabi] ==> [/data/data/com.termux/files/home/android/android-ndk-r21/toolchains/llvm/prebuilt/linux-aarch64/sysroot/usr/lib/arm-linux-androideabi]
  collapse library dir [/data/data/com.termux/files/home/android/android-ndk-r21/toolchains/llvm/prebuilt/linux-aarch64/sysroot/usr/lib/../lib] ==> [/data/data/com.termux/files/home/android/android-ndk-r21/toolchains/llvm/prebuilt/linux-aarch64/sysroot/usr/lib]
  collapse library dir [/data/data/com.termux/files/home/android/android-ndk-r21/toolchains/llvm/prebuilt/linux-aarch64/sysroot/usr/lib/arm-linux-androideabi/../../lib] ==> [/data/data/com.termux/files/home/android/android-ndk-r21/toolchains/llvm/prebuilt/linux-aarch64/sysroot/usr/lib]
  collapse library dir [/data/data/com.termux/files/home/android/android-ndk-r21/toolchains/llvm/prebuilt/linux-aarch64/lib/gcc/arm-linux-androideabi/4.9.x/../../../../arm-linux-androideabi/lib/armv7-a/thumb] ==> [/data/data/com.termux/files/home/android/android-ndk-r21/toolchains/llvm/prebuilt/linux-aarch64/arm-linux-androideabi/lib/armv7-a/thumb]
  collapse library dir [/data/data/com.termux/files/home/android/android-ndk-r21/toolchains/llvm/prebuilt/linux-aarch64/sysroot/usr/lib] ==> [/data/data/com.termux/files/home/android/android-ndk-r21/toolchains/llvm/prebuilt/linux-aarch64/sysroot/usr/lib]
  implicit libs: [c++;m;gcc;dl;c;gcc;dl]
  implicit dirs: [/data/data/com.termux/files/home/android/android-ndk-r21/toolchains/llvm/prebuilt/linux-aarch64/lib/gcc/arm-linux-androideabi/4.9.x/armv7-a/thumb;/data/data/com.termux/files/home/android/android-ndk-r21/toolchains/llvm/prebuilt/linux-aarch64/arm-linux-androideabi/lib/armv7-a/thumb;/data/data/com.termux/files/home/android/android-ndk-r21/toolchains/llvm/prebuilt/linux-aarch64/sysroot/usr/lib/arm-linux-androideabi/21;/data/data/com.termux/files/home/android/android-ndk-r21/toolchains/llvm/prebuilt/linux-aarch64/sysroot/usr/lib/arm-linux-androideabi;/data/data/com.termux/files/home/android/android-ndk-r21/toolchains/llvm/prebuilt/linux-aarch64/sysroot/usr/lib]
  implicit fwks: []


