The target system is: Android - 1 - aarch64
The host system is: Android - 4.4.153-perf-g67fdd39 - aarch64
Determining if the C compiler works passed with the following output:
Change Dir: /storage/emulated/0/mt2/termux-ndk/cmake-example/app/.cxx/cmake/release/arm64-v8a/CMakeFiles/CMakeTmp

Run Build Command(s):/data/data/com.termux/files/usr/bin/ninja cmTC_4a971 && [1/2] Building C object CMakeFiles/cmTC_4a971.dir/testCCompiler.c.o
[2/2] Linking C executable cmTC_4a971



Detecting C compiler ABI info compiled with the following output:
Change Dir: /storage/emulated/0/mt2/termux-ndk/cmake-example/app/.cxx/cmake/release/arm64-v8a/CMakeFiles/CMakeTmp

Run Build Command(s):/data/data/com.termux/files/usr/bin/ninja cmTC_9378e && [1/2] Building C object CMakeFiles/cmTC_9378e.dir/CMakeCCompilerABI.c.o
Android (dev based on r383902) clang version 11.0.1 (https://android.googlesource.com/toolchain/llvm-project b397f81060ce6d701042b782172ed13bee898b79)
Target: aarch64-none-linux-android21
Thread model: posix
InstalledDir: /data/data/com.termux/files/home/android/android-ndk-r21/toolchains/llvm/prebuilt/linux-aarch64/bin
Found candidate GCC installation: /data/data/com.termux/files/home/android/android-ndk-r21/toolchains/llvm/prebuilt/linux-aarch64/lib/gcc/aarch64-linux-android/4.9.x
Selected GCC installation: /data/data/com.termux/files/home/android/android-ndk-r21/toolchains/llvm/prebuilt/linux-aarch64/lib/gcc/aarch64-linux-android/4.9.x
Candidate multilib: .;@m64
Selected multilib: .;@m64
 (in-process)
 "/data/data/com.termux/files/home/android/android-ndk-r21/toolchains/llvm/prebuilt/linux-aarch64/bin/clang.real" -cc1 -triple aarch64-none-linux-android21 -emit-obj -mrelax-all -mnoexecstack -disable-free -disable-llvm-verifier -discard-value-names -main-file-name CMakeCCompilerABI.c -mrelocation-model pic -pic-level 2 -pic-is-pie -mthread-model posix -mframe-pointer=non-leaf -fno-rounding-math -masm-verbose -mconstructor-aliases -munwind-tables -target-cpu generic -target-feature +neon -target-abi aapcs -mllvm -aarch64-fix-cortex-a53-835769=1 -fallow-half-arguments-and-returns -dwarf-column-info -fno-split-dwarf-inlining -debug-info-kind=limited -dwarf-version=4 -debugger-tuning=gdb -v -ffunction-sections -fdata-sections -resource-dir /data/data/com.termux/files/home/android/android-ndk-r21/toolchains/llvm/prebuilt/linux-aarch64/lib64/clang/11.0.1 -D ANDROID -D _FORTIFY_SOURCE=2 -isysroot /data/data/com.termux/files/home/android/android-ndk-r21/toolchains/llvm/prebuilt/linux-aarch64/sysroot -internal-isystem /data/data/com.termux/files/home/android/android-ndk-r21/toolchains/llvm/prebuilt/linux-aarch64/sysroot/usr/local/include -internal-isystem /data/data/com.termux/files/home/android/android-ndk-r21/toolchains/llvm/prebuilt/linux-aarch64/lib64/clang/11.0.1/include -internal-externc-isystem /data/data/com.termux/files/home/android/android-ndk-r21/toolchains/llvm/prebuilt/linux-aarch64/sysroot/usr/include/aarch64-linux-android -internal-externc-isystem /data/data/com.termux/files/home/android/android-ndk-r21/toolchains/llvm/prebuilt/linux-aarch64/sysroot/include -internal-externc-isystem /data/data/com.termux/files/home/android/android-ndk-r21/toolchains/llvm/prebuilt/linux-aarch64/sysroot/usr/include -Wformat -fdebug-compilation-dir /storage/emulated/0/mt2/termux-ndk/cmake-example/app/.cxx/cmake/release/arm64-v8a/CMakeFiles/CMakeTmp -ferror-limit 19 -fmessage-length 0 -stack-protector 2 -fno-signed-char -fgnuc-version=4.2.1 -fobjc-runtime=gcc -fdiagnostics-show-option -o CMakeFiles/cmTC_9378e.dir/CMakeCCompilerABI.c.o -x c /data/data/com.termux/files/home/android/android-sdk/cmake/share/cmake-3.17/Modules/CMakeCCompilerABI.c
clang -cc1 version 11.0.1 based upon LLVM 11.0.1git default target aarch64-unknown-linux-gnu
ignoring nonexistent directory "/data/data/com.termux/files/home/android/android-ndk-r21/toolchains/llvm/prebuilt/linux-aarch64/sysroot/include"
#include "..." search starts here:
#include <...> search starts here:
 /data/data/com.termux/files/home/android/android-ndk-r21/toolchains/llvm/prebuilt/linux-aarch64/sysroot/usr/local/include
 /data/data/com.termux/files/home/android/android-ndk-r21/toolchains/llvm/prebuilt/linux-aarch64/lib64/clang/11.0.1/include
 /data/data/com.termux/files/home/android/android-ndk-r21/toolchains/llvm/prebuilt/linux-aarch64/sysroot/usr/include/aarch64-linux-android
 /data/data/com.termux/files/home/android/android-ndk-r21/toolchains/llvm/prebuilt/linux-aarch64/sysroot/usr/include
End of search list.
[2/2] Linking C executable cmTC_9378e
Android (dev based on r383902) clang version 11.0.1 (https://android.googlesource.com/toolchain/llvm-project b397f81060ce6d701042b782172ed13bee898b79)
Target: aarch64-none-linux-android21
Thread model: posix
InstalledDir: /data/data/com.termux/files/home/android/android-ndk-r21/toolchains/llvm/prebuilt/linux-aarch64/bin
Found candidate GCC installation: /data/data/com.termux/files/home/android/android-ndk-r21/toolchains/llvm/prebuilt/linux-aarch64/lib/gcc/aarch64-linux-android/4.9.x
Selected GCC installation: /data/data/com.termux/files/home/android/android-ndk-r21/toolchains/llvm/prebuilt/linux-aarch64/lib/gcc/aarch64-linux-android/4.9.x
Candidate multilib: .;@m64
Selected multilib: .;@m64
 "/data/data/com.termux/files/home/android/android-ndk-r21/toolchains/llvm/prebuilt/linux-aarch64/lib/gcc/aarch64-linux-android/4.9.x/../../../../aarch64-linux-android/bin/ld" --sysroot=/data/data/com.termux/files/home/android/android-ndk-r21/toolchains/llvm/prebuilt/linux-aarch64/sysroot -pie -z noexecstack -EL --fix-cortex-a53-843419 --warn-shared-textrel -z now -z relro -z max-page-size=4096 --hash-style=both --enable-new-dtags --eh-frame-hdr -m aarch64linux -dynamic-linker /system/bin/linker64 -o cmTC_9378e /data/data/com.termux/files/home/android/android-ndk-r21/toolchains/llvm/prebuilt/linux-aarch64/sysroot/usr/lib/aarch64-linux-android/21/crtbegin_dynamic.o -L/data/data/com.termux/files/home/android/android-ndk-r21/toolchains/llvm/prebuilt/linux-aarch64/lib/gcc/aarch64-linux-android/4.9.x -L/data/data/com.termux/files/home/android/android-ndk-r21/toolchains/llvm/prebuilt/linux-aarch64/lib/gcc/aarch64-linux-android/4.9.x/../../../../aarch64-linux-android/lib/../lib64 -L/data/data/com.termux/files/home/android/android-ndk-r21/toolchains/llvm/prebuilt/linux-aarch64/sysroot/usr/lib/aarch64-linux-android/21 -L/data/data/com.termux/files/home/android/android-ndk-r21/toolchains/llvm/prebuilt/linux-aarch64/sysroot/usr/lib/aarch64-linux-android -L/data/data/com.termux/files/home/android/android-ndk-r21/toolchains/llvm/prebuilt/linux-aarch64/lib/gcc/aarch64-linux-android/4.9.x/../../../../aarch64-linux-android/lib -L/data/data/com.termux/files/home/android/android-ndk-r21/toolchains/llvm/prebuilt/linux-aarch64/sysroot/usr/lib --exclude-libs libgcc_real.a --exclude-libs libatomic.a --build-id --fatal-warnings --no-undefined --gc-sections CMakeFiles/cmTC_9378e.dir/CMakeCCompilerABI.c.o -lgcc -ldl -lc -lgcc -ldl /data/data/com.termux/files/home/android/android-ndk-r21/toolchains/llvm/prebuilt/linux-aarch64/sysroot/usr/lib/aarch64-linux-android/21/crtend_android.o



Parsed C implicit include dir info from above output: rv=done
  found start of include info
  found start of implicit include info
    add: [/data/data/com.termux/files/home/android/android-ndk-r21/toolchains/llvm/prebuilt/linux-aarch64/sysroot/usr/local/include]
    add: [/data/data/com.termux/files/home/android/android-ndk-r21/toolchains/llvm/prebuilt/linux-aarch64/lib64/clang/11.0.1/include]
    add: [/data/data/com.termux/files/home/android/android-ndk-r21/toolchains/llvm/prebuilt/linux-aarch64/sysroot/usr/include/aarch64-linux-android]
    add: [/data/data/com.termux/files/home/android/android-ndk-r21/toolchains/llvm/prebuilt/linux-aarch64/sysroot/usr/include]
  end of search list found
  collapse include dir [/data/data/com.termux/files/home/android/android-ndk-r21/toolchains/llvm/prebuilt/linux-aarch64/sysroot/usr/local/include] ==> [/data/data/com.termux/files/home/android/android-ndk-r21/toolchains/llvm/prebuilt/linux-aarch64/sysroot/usr/local/include]
  collapse include dir [/data/data/com.termux/files/home/android/android-ndk-r21/toolchains/llvm/prebuilt/linux-aarch64/lib64/clang/11.0.1/include] ==> [/data/data/com.termux/files/home/android/android-ndk-r21/toolchains/llvm/prebuilt/linux-aarch64/lib64/clang/11.0.1/include]
  collapse include dir [/data/data/com.termux/files/home/android/android-ndk-r21/toolchains/llvm/prebuilt/linux-aarch64/sysroot/usr/include/aarch64-linux-android] ==> [/data/data/com.termux/files/home/android/android-ndk-r21/toolchains/llvm/prebuilt/linux-aarch64/sysroot/usr/include/aarch64-linux-android]
  collapse include dir [/data/data/com.termux/files/home/android/android-ndk-r21/toolchains/llvm/prebuilt/linux-aarch64/sysroot/usr/include] ==> [/data/data/com.termux/files/home/android/android-ndk-r21/toolchains/llvm/prebuilt/linux-aarch64/sysroot/usr/include]
  implicit include dirs: [/data/data/com.termux/files/home/android/android-ndk-r21/toolchains/llvm/prebuilt/linux-aarch64/sysroot/usr/local/include;/data/data/com.termux/files/home/android/android-ndk-r21/toolchains/llvm/prebuilt/linux-aarch64/lib64/clang/11.0.1/include;/data/data/com.termux/files/home/android/android-ndk-r21/toolchains/llvm/prebuilt/linux-aarch64/sysroot/usr/include/aarch64-linux-android;/data/data/com.termux/files/home/android/android-ndk-r21/toolchains/llvm/prebuilt/linux-aarch64/sysroot/usr/include]


Parsed C implicit link information from above output:
  link line regex: [^( *|.*[/\])(aarch64-linux-android-ld|CMAKE_LINK_STARTFILE-NOTFOUND|([^/\]+-)?ld|collect2)[^/\]*( |$)]
  ignore line: [Change Dir: /storage/emulated/0/mt2/termux-ndk/cmake-example/app/.cxx/cmake/release/arm64-v8a/CMakeFiles/CMakeTmp]
  ignore line: []
  ignore line: [Run Build Command(s):/data/data/com.termux/files/usr/bin/ninja cmTC_9378e && [1/2] Building C object CMakeFiles/cmTC_9378e.dir/CMakeCCompilerABI.c.o]
  ignore line: [Android (dev based on r383902) clang version 11.0.1 (https://android.googlesource.com/toolchain/llvm-project b397f81060ce6d701042b782172ed13bee898b79)]
  ignore line: [Target: aarch64-none-linux-android21]
  ignore line: [Thread model: posix]
  ignore line: [InstalledDir: /data/data/com.termux/files/home/android/android-ndk-r21/toolchains/llvm/prebuilt/linux-aarch64/bin]
  ignore line: [Found candidate GCC installation: /data/data/com.termux/files/home/android/android-ndk-r21/toolchains/llvm/prebuilt/linux-aarch64/lib/gcc/aarch64-linux-android/4.9.x]
  ignore line: [Selected GCC installation: /data/data/com.termux/files/home/android/android-ndk-r21/toolchains/llvm/prebuilt/linux-aarch64/lib/gcc/aarch64-linux-android/4.9.x]
  ignore line: [Candidate multilib: .]
  ignore line: [@m64]
  ignore line: [Selected multilib: .]
  ignore line: [@m64]
  ignore line: [ (in-process)]
  ignore line: [ "/data/data/com.termux/files/home/android/android-ndk-r21/toolchains/llvm/prebuilt/linux-aarch64/bin/clang.real" -cc1 -triple aarch64-none-linux-android21 -emit-obj -mrelax-all -mnoexecstack -disable-free -disable-llvm-verifier -discard-value-names -main-file-name CMakeCCompilerABI.c -mrelocation-model pic -pic-level 2 -pic-is-pie -mthread-model posix -mframe-pointer=non-leaf -fno-rounding-math -masm-verbose -mconstructor-aliases -munwind-tables -target-cpu generic -target-feature +neon -target-abi aapcs -mllvm -aarch64-fix-cortex-a53-835769=1 -fallow-half-arguments-and-returns -dwarf-column-info -fno-split-dwarf-inlining -debug-info-kind=limited -dwarf-version=4 -debugger-tuning=gdb -v -ffunction-sections -fdata-sections -resource-dir /data/data/com.termux/files/home/android/android-ndk-r21/toolchains/llvm/prebuilt/linux-aarch64/lib64/clang/11.0.1 -D ANDROID -D _FORTIFY_SOURCE=2 -isysroot /data/data/com.termux/files/home/android/android-ndk-r21/toolchains/llvm/prebuilt/linux-aarch64/sysroot -internal-isystem /data/data/com.termux/files/home/android/android-ndk-r21/toolchains/llvm/prebuilt/linux-aarch64/sysroot/usr/local/include -internal-isystem /data/data/com.termux/files/home/android/android-ndk-r21/toolchains/llvm/prebuilt/linux-aarch64/lib64/clang/11.0.1/include -internal-externc-isystem /data/data/com.termux/files/home/android/android-ndk-r21/toolchains/llvm/prebuilt/linux-aarch64/sysroot/usr/include/aarch64-linux-android -internal-externc-isystem /data/data/com.termux/files/home/android/android-ndk-r21/toolchains/llvm/prebuilt/linux-aarch64/sysroot/include -internal-externc-isystem /data/data/com.termux/files/home/android/android-ndk-r21/toolchains/llvm/prebuilt/linux-aarch64/sysroot/usr/include -Wformat -fdebug-compilation-dir /storage/emulated/0/mt2/termux-ndk/cmake-example/app/.cxx/cmake/release/arm64-v8a/CMakeFiles/CMakeTmp -ferror-limit 19 -fmessage-length 0 -stack-protector 2 -fno-signed-char -fgnuc-version=4.2.1 -fobjc-runtime=gcc -fdiagnostics-show-option -o CMakeFiles/cmTC_9378e.dir/CMakeCCompilerABI.c.o -x c /data/data/com.termux/files/home/android/android-sdk/cmake/share/cmake-3.17/Modules/CMakeCCompilerABI.c]
  ignore line: [clang -cc1 version 11.0.1 based upon LLVM 11.0.1git default target aarch64-unknown-linux-gnu]
  ignore line: [ignoring nonexistent directory "/data/data/com.termux/files/home/android/android-ndk-r21/toolchains/llvm/prebuilt/linux-aarch64/sysroot/include"]
  ignore line: [#include "..." search starts here:]
  ignore line: [#include <...> search starts here:]
  ignore line: [ /data/data/com.termux/files/home/android/android-ndk-r21/toolchains/llvm/prebuilt/linux-aarch64/sysroot/usr/local/include]
  ignore line: [ /data/data/com.termux/files/home/android/android-ndk-r21/toolchains/llvm/prebuilt/linux-aarch64/lib64/clang/11.0.1/include]
  ignore line: [ /data/data/com.termux/files/home/android/android-ndk-r21/toolchains/llvm/prebuilt/linux-aarch64/sysroot/usr/include/aarch64-linux-android]
  ignore line: [ /data/data/com.termux/files/home/android/android-ndk-r21/toolchains/llvm/prebuilt/linux-aarch64/sysroot/usr/include]
  ignore line: [End of search list.]
  ignore line: [[2/2] Linking C executable cmTC_9378e]
  ignore line: [Android (dev based on r383902) clang version 11.0.1 (https://android.googlesource.com/toolchain/llvm-project b397f81060ce6d701042b782172ed13bee898b79)]
  ignore line: [Target: aarch64-none-linux-android21]
  ignore line: [Thread model: posix]
  ignore line: [InstalledDir: /data/data/com.termux/files/home/android/android-ndk-r21/toolchains/llvm/prebuilt/linux-aarch64/bin]
  ignore line: [Found candidate GCC installation: /data/data/com.termux/files/home/android/android-ndk-r21/toolchains/llvm/prebuilt/linux-aarch64/lib/gcc/aarch64-linux-android/4.9.x]
  ignore line: [Selected GCC installation: /data/data/com.termux/files/home/android/android-ndk-r21/toolchains/llvm/prebuilt/linux-aarch64/lib/gcc/aarch64-linux-android/4.9.x]
  ignore line: [Candidate multilib: .]
  ignore line: [@m64]
  ignore line: [Selected multilib: .]
  ignore line: [@m64]
  link line: [ "/data/data/com.termux/files/home/android/android-ndk-r21/toolchains/llvm/prebuilt/linux-aarch64/lib/gcc/aarch64-linux-android/4.9.x/../../../../aarch64-linux-android/bin/ld" --sysroot=/data/data/com.termux/files/home/android/android-ndk-r21/toolchains/llvm/prebuilt/linux-aarch64/sysroot -pie -z noexecstack -EL --fix-cortex-a53-843419 --warn-shared-textrel -z now -z relro -z max-page-size=4096 --hash-style=both --enable-new-dtags --eh-frame-hdr -m aarch64linux -dynamic-linker /system/bin/linker64 -o cmTC_9378e /data/data/com.termux/files/home/android/android-ndk-r21/toolchains/llvm/prebuilt/linux-aarch64/sysroot/usr/lib/aarch64-linux-android/21/crtbegin_dynamic.o -L/data/data/com.termux/files/home/android/android-ndk-r21/toolchains/llvm/prebuilt/linux-aarch64/lib/gcc/aarch64-linux-android/4.9.x -L/data/data/com.termux/files/home/android/android-ndk-r21/toolchains/llvm/prebuilt/linux-aarch64/lib/gcc/aarch64-linux-android/4.9.x/../../../../aarch64-linux-android/lib/../lib64 -L/data/data/com.termux/files/home/android/android-ndk-r21/toolchains/llvm/prebuilt/linux-aarch64/sysroot/usr/lib/aarch64-linux-android/21 -L/data/data/com.termux/files/home/android/android-ndk-r21/toolchains/llvm/prebuilt/linux-aarch64/sysroot/usr/lib/aarch64-linux-android -L/data/data/com.termux/files/home/android/android-ndk-r21/toolchains/llvm/prebuilt/linux-aarch64/lib/gcc/aarch64-linux-android/4.9.x/../../../../aarch64-linux-android/lib -L/data/data/com.termux/files/home/android/android-ndk-r21/toolchains/llvm/prebuilt/linux-aarch64/sysroot/usr/lib --exclude-libs libgcc_real.a --exclude-libs libatomic.a --build-id --fatal-warnings --no-undefined --gc-sections CMakeFiles/cmTC_9378e.dir/CMakeCCompilerABI.c.o -lgcc -ldl -lc -lgcc -ldl /data/data/com.termux/files/home/android/android-ndk-r21/toolchains/llvm/prebuilt/linux-aarch64/sysroot/usr/lib/aarch64-linux-android/21/crtend_android.o]
    arg [/data/data/com.termux/files/home/android/android-ndk-r21/toolchains/llvm/prebuilt/linux-aarch64/lib/gcc/aarch64-linux-android/4.9.x/../../../../aarch64-linux-android/bin/ld] ==> ignore
    arg [--sysroot=/data/data/com.termux/files/home/android/android-ndk-r21/toolchains/llvm/prebuilt/linux-aarch64/sysroot] ==> ignore
    arg [-pie] ==> ignore
    arg [-znoexecstack] ==> ignore
    arg [-EL] ==> ignore
    arg [--fix-cortex-a53-843419] ==> ignore
    arg [--warn-shared-textrel] ==> ignore
    arg [-znow] ==> ignore
    arg [-zrelro] ==> ignore
    arg [-zmax-page-size=4096] ==> ignore
    arg [--hash-style=both] ==> ignore
    arg [--enable-new-dtags] ==> ignore
    arg [--eh-frame-hdr] ==> ignore
    arg [-m] ==> ignore
    arg [aarch64linux] ==> ignore
    arg [-dynamic-linker] ==> ignore
    arg [/system/bin/linker64] ==> ignore
    arg [-o] ==> ignore
    arg [cmTC_9378e] ==> ignore
    arg [/data/data/com.termux/files/home/android/android-ndk-r21/toolchains/llvm/prebuilt/linux-aarch64/sysroot/usr/lib/aarch64-linux-android/21/crtbegin_dynamic.o] ==> ignore
    arg [-L/data/data/com.termux/files/home/android/android-ndk-r21/toolchains/llvm/prebuilt/linux-aarch64/lib/gcc/aarch64-linux-android/4.9.x] ==> dir [/data/data/com.termux/files/home/android/android-ndk-r21/toolchains/llvm/prebuilt/linux-aarch64/lib/gcc/aarch64-linux-android/4.9.x]
    arg [-L/data/data/com.termux/files/home/android/android-ndk-r21/toolchains/llvm/prebuilt/linux-aarch64/lib/gcc/aarch64-linux-android/4.9.x/../../../../aarch64-linux-android/lib/../lib64] ==> dir [/data/data/com.termux/files/home/android/android-ndk-r21/toolchains/llvm/prebuilt/linux-aarch64/lib/gcc/aarch64-linux-android/4.9.x/../../../../aarch64-linux-android/lib/../lib64]
    arg [-L/data/data/com.termux/files/home/android/android-ndk-r21/toolchains/llvm/prebuilt/linux-aarch64/sysroot/usr/lib/aarch64-linux-android/21] ==> dir [/data/data/com.termux/files/home/android/android-ndk-r21/toolchains/llvm/prebuilt/linux-aarch64/sysroot/usr/lib/aarch64-linux-android/21]
    arg [-L/data/data/com.termux/files/home/android/android-ndk-r21/toolchains/llvm/prebuilt/linux-aarch64/sysroot/usr/lib/aarch64-linux-android] ==> dir [/data/data/com.termux/files/home/android/android-ndk-r21/toolchains/llvm/prebuilt/linux-aarch64/sysroot/usr/lib/aarch64-linux-android]
    arg [-L/data/data/com.termux/files/home/android/android-ndk-r21/toolchains/llvm/prebuilt/linux-aarch64/lib/gcc/aarch64-linux-android/4.9.x/../../../../aarch64-linux-android/lib] ==> dir [/data/data/com.termux/files/home/android/android-ndk-r21/toolchains/llvm/prebuilt/linux-aarch64/lib/gcc/aarch64-linux-android/4.9.x/../../../../aarch64-linux-android/lib]
    arg [-L/data/data/com.termux/files/home/android/android-ndk-r21/toolchains/llvm/prebuilt/linux-aarch64/sysroot/usr/lib] ==> dir [/data/data/com.termux/files/home/android/android-ndk-r21/toolchains/llvm/prebuilt/linux-aarch64/sysroot/usr/lib]
    arg [--exclude-libs] ==> ignore
    arg [libgcc_real.a] ==> ignore
    arg [--exclude-libs] ==> ignore
    arg [libatomic.a] ==> ignore
    arg [--build-id] ==> ignore
    arg [--fatal-warnings] ==> ignore
    arg [--no-undefined] ==> ignore
    arg [--gc-sections] ==> ignore
    arg [CMakeFiles/cmTC_9378e.dir/CMakeCCompilerABI.c.o] ==> ignore
    arg [-lgcc] ==> lib [gcc]
    arg [-ldl] ==> lib [dl]
    arg [-lc] ==> lib [c]
    arg [-lgcc] ==> lib [gcc]
    arg [-ldl] ==> lib [dl]
    arg [/data/data/com.termux/files/home/android/android-ndk-r21/toolchains/llvm/prebuilt/linux-aarch64/sysroot/usr/lib/aarch64-linux-android/21/crtend_android.o] ==> ignore
  collapse library dir [/data/data/com.termux/files/home/android/android-ndk-r21/toolchains/llvm/prebuilt/linux-aarch64/lib/gcc/aarch64-linux-android/4.9.x] ==> [/data/data/com.termux/files/home/android/android-ndk-r21/toolchains/llvm/prebuilt/linux-aarch64/lib/gcc/aarch64-linux-android/4.9.x]
  collapse library dir [/data/data/com.termux/files/home/android/android-ndk-r21/toolchains/llvm/prebuilt/linux-aarch64/lib/gcc/aarch64-linux-android/4.9.x/../../../../aarch64-linux-android/lib/../lib64] ==> [/data/data/com.termux/files/home/android/android-ndk-r21/toolchains/llvm/prebuilt/linux-aarch64/aarch64-linux-android/lib64]
  collapse library dir [/data/data/com.termux/files/home/android/android-ndk-r21/toolchains/llvm/prebuilt/linux-aarch64/sysroot/usr/lib/aarch64-linux-android/21] ==> [/data/data/com.termux/files/home/android/android-ndk-r21/toolchains/llvm/prebuilt/linux-aarch64/sysroot/usr/lib/aarch64-linux-android/21]
  collapse library dir [/data/data/com.termux/files/home/android/android-ndk-r21/toolchains/llvm/prebuilt/linux-aarch64/sysroot/usr/lib/aarch64-linux-android] ==> [/data/data/com.termux/files/home/android/android-ndk-r21/toolchains/llvm/prebuilt/linux-aarch64/sysroot/usr/lib/aarch64-linux-android]
  collapse library dir [/data/data/com.termux/files/home/android/android-ndk-r21/toolchains/llvm/prebuilt/linux-aarch64/lib/gcc/aarch64-linux-android/4.9.x/../../../../aarch64-linux-android/lib] ==> [/data/data/com.termux/files/home/android/android-ndk-r21/toolchains/llvm/prebuilt/linux-aarch64/aarch64-linux-android/lib]
  collapse library dir [/data/data/com.termux/files/home/android/android-ndk-r21/toolchains/llvm/prebuilt/linux-aarch64/sysroot/usr/lib] ==> [/data/data/com.termux/files/home/android/android-ndk-r21/toolchains/llvm/prebuilt/linux-aarch64/sysroot/usr/lib]
  implicit libs: [gcc;dl;c;gcc;dl]
  implicit dirs: [/data/data/com.termux/files/home/android/android-ndk-r21/toolchains/llvm/prebuilt/linux-aarch64/lib/gcc/aarch64-linux-android/4.9.x;/data/data/com.termux/files/home/android/android-ndk-r21/toolchains/llvm/prebuilt/linux-aarch64/aarch64-linux-android/lib64;/data/data/com.termux/files/home/android/android-ndk-r21/toolchains/llvm/prebuilt/linux-aarch64/sysroot/usr/lib/aarch64-linux-android/21;/data/data/com.termux/files/home/android/android-ndk-r21/toolchains/llvm/prebuilt/linux-aarch64/sysroot/usr/lib/aarch64-linux-android;/data/data/com.termux/files/home/android/android-ndk-r21/toolchains/llvm/prebuilt/linux-aarch64/aarch64-linux-android/lib;/data/data/com.termux/files/home/android/android-ndk-r21/toolchains/llvm/prebuilt/linux-aarch64/sysroot/usr/lib]
  implicit fwks: []


Determining if the CXX compiler works passed with the following output:
Change Dir: /storage/emulated/0/mt2/termux-ndk/cmake-example/app/.cxx/cmake/release/arm64-v8a/CMakeFiles/CMakeTmp

Run Build Command(s):/data/data/com.termux/files/usr/bin/ninja cmTC_9b88c && [1/2] Building CXX object CMakeFiles/cmTC_9b88c.dir/testCXXCompiler.cxx.o
[2/2] Linking CXX executable cmTC_9b88c



Detecting CXX compiler ABI info compiled with the following output:
Change Dir: /storage/emulated/0/mt2/termux-ndk/cmake-example/app/.cxx/cmake/release/arm64-v8a/CMakeFiles/CMakeTmp

Run Build Command(s):/data/data/com.termux/files/usr/bin/ninja cmTC_35ea6 && [1/2] Building CXX object CMakeFiles/cmTC_35ea6.dir/CMakeCXXCompilerABI.cpp.o
Android (dev based on r383902) clang version 11.0.1 (https://android.googlesource.com/toolchain/llvm-project b397f81060ce6d701042b782172ed13bee898b79)
Target: aarch64-none-linux-android21
Thread model: posix
InstalledDir: /data/data/com.termux/files/home/android/android-ndk-r21/toolchains/llvm/prebuilt/linux-aarch64/bin
Found candidate GCC installation: /data/data/com.termux/files/home/android/android-ndk-r21/toolchains/llvm/prebuilt/linux-aarch64/lib/gcc/aarch64-linux-android/4.9.x
Selected GCC installation: /data/data/com.termux/files/home/android/android-ndk-r21/toolchains/llvm/prebuilt/linux-aarch64/lib/gcc/aarch64-linux-android/4.9.x
Candidate multilib: .;@m64
Selected multilib: .;@m64
 (in-process)
 "/data/data/com.termux/files/home/android/android-ndk-r21/toolchains/llvm/prebuilt/linux-aarch64/bin/clang++.real" -cc1 -triple aarch64-none-linux-android21 -emit-obj -mrelax-all -mnoexecstack -disable-free -disable-llvm-verifier -discard-value-names -main-file-name CMakeCXXCompilerABI.cpp -mrelocation-model pic -pic-level 2 -pic-is-pie -mthread-model posix -mframe-pointer=non-leaf -fno-rounding-math -masm-verbose -mconstructor-aliases -munwind-tables -target-cpu generic -target-feature +neon -target-abi aapcs -mllvm -aarch64-fix-cortex-a53-835769=1 -fallow-half-arguments-and-returns -dwarf-column-info -fno-split-dwarf-inlining -debug-info-kind=limited -dwarf-version=4 -debugger-tuning=gdb -v -ffunction-sections -fdata-sections -resource-dir /data/data/com.termux/files/home/android/android-ndk-r21/toolchains/llvm/prebuilt/linux-aarch64/lib64/clang/11.0.1 -D ANDROID -D _FORTIFY_SOURCE=2 -isysroot /data/data/com.termux/files/home/android/android-ndk-r21/toolchains/llvm/prebuilt/linux-aarch64/sysroot -internal-isystem /data/data/com.termux/files/home/android/android-ndk-r21/toolchains/llvm/prebuilt/linux-aarch64/sysroot/usr/include/c++/v1 -internal-isystem /data/data/com.termux/files/home/android/android-ndk-r21/toolchains/llvm/prebuilt/linux-aarch64/sysroot/usr/local/include -internal-isystem /data/data/com.termux/files/home/android/android-ndk-r21/toolchains/llvm/prebuilt/linux-aarch64/lib64/clang/11.0.1/include -internal-externc-isystem /data/data/com.termux/files/home/android/android-ndk-r21/toolchains/llvm/prebuilt/linux-aarch64/sysroot/usr/include/aarch64-linux-android -internal-externc-isystem /data/data/com.termux/files/home/android/android-ndk-r21/toolchains/llvm/prebuilt/linux-aarch64/sysroot/include -internal-externc-isystem /data/data/com.termux/files/home/android/android-ndk-r21/toolchains/llvm/prebuilt/linux-aarch64/sysroot/usr/include -Wformat -fdeprecated-macro -fdebug-compilation-dir /storage/emulated/0/mt2/termux-ndk/cmake-example/app/.cxx/cmake/release/arm64-v8a/CMakeFiles/CMakeTmp -ferror-limit 19 -fmessage-length 0 -stack-protector 2 -fno-signed-char -fgnuc-version=4.2.1 -fobjc-runtime=gcc -fcxx-exceptions -fexceptions -fdiagnostics-show-option -o CMakeFiles/cmTC_35ea6.dir/CMakeCXXCompilerABI.cpp.o -x c++ /data/data/com.termux/files/home/android/android-sdk/cmake/share/cmake-3.17/Modules/CMakeCXXCompilerABI.cpp
clang -cc1 version 11.0.1 based upon LLVM 11.0.1git default target aarch64-unknown-linux-gnu
ignoring nonexistent directory "/data/data/com.termux/files/home/android/android-ndk-r21/toolchains/llvm/prebuilt/linux-aarch64/sysroot/include"
#include "..." search starts here:
#include <...> search starts here:
 /data/data/com.termux/files/home/android/android-ndk-r21/toolchains/llvm/prebuilt/linux-aarch64/sysroot/usr/include/c++/v1
 /data/data/com.termux/files/home/android/android-ndk-r21/toolchains/llvm/prebuilt/linux-aarch64/sysroot/usr/local/include
 /data/data/com.termux/files/home/android/android-ndk-r21/toolchains/llvm/prebuilt/linux-aarch64/lib64/clang/11.0.1/include
 /data/data/com.termux/files/home/android/android-ndk-r21/toolchains/llvm/prebuilt/linux-aarch64/sysroot/usr/include/aarch64-linux-android
 /data/data/com.termux/files/home/android/android-ndk-r21/toolchains/llvm/prebuilt/linux-aarch64/sysroot/usr/include
End of search list.
[2/2] Linking CXX executable cmTC_35ea6
Android (dev based on r383902) clang version 11.0.1 (https://android.googlesource.com/toolchain/llvm-project b397f81060ce6d701042b782172ed13bee898b79)
Target: aarch64-none-linux-android21
Thread model: posix
InstalledDir: /data/data/com.termux/files/home/android/android-ndk-r21/toolchains/llvm/prebuilt/linux-aarch64/bin
Found candidate GCC installation: /data/data/com.termux/files/home/android/android-ndk-r21/toolchains/llvm/prebuilt/linux-aarch64/lib/gcc/aarch64-linux-android/4.9.x
Selected GCC installation: /data/data/com.termux/files/home/android/android-ndk-r21/toolchains/llvm/prebuilt/linux-aarch64/lib/gcc/aarch64-linux-android/4.9.x
Candidate multilib: .;@m64
Selected multilib: .;@m64
 "/data/data/com.termux/files/home/android/android-ndk-r21/toolchains/llvm/prebuilt/linux-aarch64/lib/gcc/aarch64-linux-android/4.9.x/../../../../aarch64-linux-android/bin/ld" --sysroot=/data/data/com.termux/files/home/android/android-ndk-r21/toolchains/llvm/prebuilt/linux-aarch64/sysroot -pie -z noexecstack -EL --fix-cortex-a53-843419 --warn-shared-textrel -z now -z relro -z max-page-size=4096 --hash-style=both --enable-new-dtags --eh-frame-hdr -m aarch64linux -dynamic-linker /system/bin/linker64 -o cmTC_35ea6 /data/data/com.termux/files/home/android/android-ndk-r21/toolchains/llvm/prebuilt/linux-aarch64/sysroot/usr/lib/aarch64-linux-android/21/crtbegin_dynamic.o -L/data/data/com.termux/files/home/android/android-ndk-r21/toolchains/llvm/prebuilt/linux-aarch64/lib/gcc/aarch64-linux-android/4.9.x -L/data/data/com.termux/files/home/android/android-ndk-r21/toolchains/llvm/prebuilt/linux-aarch64/lib/gcc/aarch64-linux-android/4.9.x/../../../../aarch64-linux-android/lib/../lib64 -L/data/data/com.termux/files/home/android/android-ndk-r21/toolchains/llvm/prebuilt/linux-aarch64/sysroot/usr/lib/aarch64-linux-android/21 -L/data/data/com.termux/files/home/android/android-ndk-r21/toolchains/llvm/prebuilt/linux-aarch64/sysroot/usr/lib/aarch64-linux-android -L/data/data/com.termux/files/home/android/android-ndk-r21/toolchains/llvm/prebuilt/linux-aarch64/lib/gcc/aarch64-linux-android/4.9.x/../../../../aarch64-linux-android/lib -L/data/data/com.termux/files/home/android/android-ndk-r21/toolchains/llvm/prebuilt/linux-aarch64/sysroot/usr/lib --exclude-libs libgcc_real.a --exclude-libs libatomic.a --build-id --fatal-warnings --no-undefined --gc-sections CMakeFiles/cmTC_35ea6.dir/CMakeCXXCompilerABI.cpp.o -Bstatic -lc++ -Bdynamic -lm -lgcc -ldl -lc -lgcc -ldl /data/data/com.termux/files/home/android/android-ndk-r21/toolchains/llvm/prebuilt/linux-aarch64/sysroot/usr/lib/aarch64-linux-android/21/crtend_android.o



Parsed CXX implicit include dir info from above output: rv=done
  found start of include info
  found start of implicit include info
    add: [/data/data/com.termux/files/home/android/android-ndk-r21/toolchains/llvm/prebuilt/linux-aarch64/sysroot/usr/include/c++/v1]
    add: [/data/data/com.termux/files/home/android/android-ndk-r21/toolchains/llvm/prebuilt/linux-aarch64/sysroot/usr/local/include]
    add: [/data/data/com.termux/files/home/android/android-ndk-r21/toolchains/llvm/prebuilt/linux-aarch64/lib64/clang/11.0.1/include]
    add: [/data/data/com.termux/files/home/android/android-ndk-r21/toolchains/llvm/prebuilt/linux-aarch64/sysroot/usr/include/aarch64-linux-android]
    add: [/data/data/com.termux/files/home/android/android-ndk-r21/toolchains/llvm/prebuilt/linux-aarch64/sysroot/usr/include]
  end of search list found
  collapse include dir [/data/data/com.termux/files/home/android/android-ndk-r21/toolchains/llvm/prebuilt/linux-aarch64/sysroot/usr/include/c++/v1] ==> [/data/data/com.termux/files/home/android/android-ndk-r21/toolchains/llvm/prebuilt/linux-aarch64/sysroot/usr/include/c++/v1]
  collapse include dir [/data/data/com.termux/files/home/android/android-ndk-r21/toolchains/llvm/prebuilt/linux-aarch64/sysroot/usr/local/include] ==> [/data/data/com.termux/files/home/android/android-ndk-r21/toolchains/llvm/prebuilt/linux-aarch64/sysroot/usr/local/include]
  collapse include dir [/data/data/com.termux/files/home/android/android-ndk-r21/toolchains/llvm/prebuilt/linux-aarch64/lib64/clang/11.0.1/include] ==> [/data/data/com.termux/files/home/android/android-ndk-r21/toolchains/llvm/prebuilt/linux-aarch64/lib64/clang/11.0.1/include]
  collapse include dir [/data/data/com.termux/files/home/android/android-ndk-r21/toolchains/llvm/prebuilt/linux-aarch64/sysroot/usr/include/aarch64-linux-android] ==> [/data/data/com.termux/files/home/android/android-ndk-r21/toolchains/llvm/prebuilt/linux-aarch64/sysroot/usr/include/aarch64-linux-android]
  collapse include dir [/data/data/com.termux/files/home/android/android-ndk-r21/toolchains/llvm/prebuilt/linux-aarch64/sysroot/usr/include] ==> [/data/data/com.termux/files/home/android/android-ndk-r21/toolchains/llvm/prebuilt/linux-aarch64/sysroot/usr/include]
  implicit include dirs: [/data/data/com.termux/files/home/android/android-ndk-r21/toolchains/llvm/prebuilt/linux-aarch64/sysroot/usr/include/c++/v1;/data/data/com.termux/files/home/android/android-ndk-r21/toolchains/llvm/prebuilt/linux-aarch64/sysroot/usr/local/include;/data/data/com.termux/files/home/android/android-ndk-r21/toolchains/llvm/prebuilt/linux-aarch64/lib64/clang/11.0.1/include;/data/data/com.termux/files/home/android/android-ndk-r21/toolchains/llvm/prebuilt/linux-aarch64/sysroot/usr/include/aarch64-linux-android;/data/data/com.termux/files/home/android/android-ndk-r21/toolchains/llvm/prebuilt/linux-aarch64/sysroot/usr/include]


Parsed CXX implicit link information from above output:
  link line regex: [^( *|.*[/\])(aarch64-linux-android-ld|CMAKE_LINK_STARTFILE-NOTFOUND|([^/\]+-)?ld|collect2)[^/\]*( |$)]
  ignore line: [Change Dir: /storage/emulated/0/mt2/termux-ndk/cmake-example/app/.cxx/cmake/release/arm64-v8a/CMakeFiles/CMakeTmp]
  ignore line: []
  ignore line: [Run Build Command(s):/data/data/com.termux/files/usr/bin/ninja cmTC_35ea6 && [1/2] Building CXX object CMakeFiles/cmTC_35ea6.dir/CMakeCXXCompilerABI.cpp.o]
  ignore line: [Android (dev based on r383902) clang version 11.0.1 (https://android.googlesource.com/toolchain/llvm-project b397f81060ce6d701042b782172ed13bee898b79)]
  ignore line: [Target: aarch64-none-linux-android21]
  ignore line: [Thread model: posix]
  ignore line: [InstalledDir: /data/data/com.termux/files/home/android/android-ndk-r21/toolchains/llvm/prebuilt/linux-aarch64/bin]
  ignore line: [Found candidate GCC installation: /data/data/com.termux/files/home/android/android-ndk-r21/toolchains/llvm/prebuilt/linux-aarch64/lib/gcc/aarch64-linux-android/4.9.x]
  ignore line: [Selected GCC installation: /data/data/com.termux/files/home/android/android-ndk-r21/toolchains/llvm/prebuilt/linux-aarch64/lib/gcc/aarch64-linux-android/4.9.x]
  ignore line: [Candidate multilib: .]
  ignore line: [@m64]
  ignore line: [Selected multilib: .]
  ignore line: [@m64]
  ignore line: [ (in-process)]
  ignore line: [ "/data/data/com.termux/files/home/android/android-ndk-r21/toolchains/llvm/prebuilt/linux-aarch64/bin/clang++.real" -cc1 -triple aarch64-none-linux-android21 -emit-obj -mrelax-all -mnoexecstack -disable-free -disable-llvm-verifier -discard-value-names -main-file-name CMakeCXXCompilerABI.cpp -mrelocation-model pic -pic-level 2 -pic-is-pie -mthread-model posix -mframe-pointer=non-leaf -fno-rounding-math -masm-verbose -mconstructor-aliases -munwind-tables -target-cpu generic -target-feature +neon -target-abi aapcs -mllvm -aarch64-fix-cortex-a53-835769=1 -fallow-half-arguments-and-returns -dwarf-column-info -fno-split-dwarf-inlining -debug-info-kind=limited -dwarf-version=4 -debugger-tuning=gdb -v -ffunction-sections -fdata-sections -resource-dir /data/data/com.termux/files/home/android/android-ndk-r21/toolchains/llvm/prebuilt/linux-aarch64/lib64/clang/11.0.1 -D ANDROID -D _FORTIFY_SOURCE=2 -isysroot /data/data/com.termux/files/home/android/android-ndk-r21/toolchains/llvm/prebuilt/linux-aarch64/sysroot -internal-isystem /data/data/com.termux/files/home/android/android-ndk-r21/toolchains/llvm/prebuilt/linux-aarch64/sysroot/usr/include/c++/v1 -internal-isystem /data/data/com.termux/files/home/android/android-ndk-r21/toolchains/llvm/prebuilt/linux-aarch64/sysroot/usr/local/include -internal-isystem /data/data/com.termux/files/home/android/android-ndk-r21/toolchains/llvm/prebuilt/linux-aarch64/lib64/clang/11.0.1/include -internal-externc-isystem /data/data/com.termux/files/home/android/android-ndk-r21/toolchains/llvm/prebuilt/linux-aarch64/sysroot/usr/include/aarch64-linux-android -internal-externc-isystem /data/data/com.termux/files/home/android/android-ndk-r21/toolchains/llvm/prebuilt/linux-aarch64/sysroot/include -internal-externc-isystem /data/data/com.termux/files/home/android/android-ndk-r21/toolchains/llvm/prebuilt/linux-aarch64/sysroot/usr/include -Wformat -fdeprecated-macro -fdebug-compilation-dir /storage/emulated/0/mt2/termux-ndk/cmake-example/app/.cxx/cmake/release/arm64-v8a/CMakeFiles/CMakeTmp -ferror-limit 19 -fmessage-length 0 -stack-protector 2 -fno-signed-char -fgnuc-version=4.2.1 -fobjc-runtime=gcc -fcxx-exceptions -fexceptions -fdiagnostics-show-option -o CMakeFiles/cmTC_35ea6.dir/CMakeCXXCompilerABI.cpp.o -x c++ /data/data/com.termux/files/home/android/android-sdk/cmake/share/cmake-3.17/Modules/CMakeCXXCompilerABI.cpp]
  ignore line: [clang -cc1 version 11.0.1 based upon LLVM 11.0.1git default target aarch64-unknown-linux-gnu]
  ignore line: [ignoring nonexistent directory "/data/data/com.termux/files/home/android/android-ndk-r21/toolchains/llvm/prebuilt/linux-aarch64/sysroot/include"]
  ignore line: [#include "..." search starts here:]
  ignore line: [#include <...> search starts here:]
  ignore line: [ /data/data/com.termux/files/home/android/android-ndk-r21/toolchains/llvm/prebuilt/linux-aarch64/sysroot/usr/include/c++/v1]
  ignore line: [ /data/data/com.termux/files/home/android/android-ndk-r21/toolchains/llvm/prebuilt/linux-aarch64/sysroot/usr/local/include]
  ignore line: [ /data/data/com.termux/files/home/android/android-ndk-r21/toolchains/llvm/prebuilt/linux-aarch64/lib64/clang/11.0.1/include]
  ignore line: [ /data/data/com.termux/files/home/android/android-ndk-r21/toolchains/llvm/prebuilt/linux-aarch64/sysroot/usr/include/aarch64-linux-android]
  ignore line: [ /data/data/com.termux/files/home/android/android-ndk-r21/toolchains/llvm/prebuilt/linux-aarch64/sysroot/usr/include]
  ignore line: [End of search list.]
  ignore line: [[2/2] Linking CXX executable cmTC_35ea6]
  ignore line: [Android (dev based on r383902) clang version 11.0.1 (https://android.googlesource.com/toolchain/llvm-project b397f81060ce6d701042b782172ed13bee898b79)]
  ignore line: [Target: aarch64-none-linux-android21]
  ignore line: [Thread model: posix]
  ignore line: [InstalledDir: /data/data/com.termux/files/home/android/android-ndk-r21/toolchains/llvm/prebuilt/linux-aarch64/bin]
  ignore line: [Found candidate GCC installation: /data/data/com.termux/files/home/android/android-ndk-r21/toolchains/llvm/prebuilt/linux-aarch64/lib/gcc/aarch64-linux-android/4.9.x]
  ignore line: [Selected GCC installation: /data/data/com.termux/files/home/android/android-ndk-r21/toolchains/llvm/prebuilt/linux-aarch64/lib/gcc/aarch64-linux-android/4.9.x]
  ignore line: [Candidate multilib: .]
  ignore line: [@m64]
  ignore line: [Selected multilib: .]
  ignore line: [@m64]
  link line: [ "/data/data/com.termux/files/home/android/android-ndk-r21/toolchains/llvm/prebuilt/linux-aarch64/lib/gcc/aarch64-linux-android/4.9.x/../../../../aarch64-linux-android/bin/ld" --sysroot=/data/data/com.termux/files/home/android/android-ndk-r21/toolchains/llvm/prebuilt/linux-aarch64/sysroot -pie -z noexecstack -EL --fix-cortex-a53-843419 --warn-shared-textrel -z now -z relro -z max-page-size=4096 --hash-style=both --enable-new-dtags --eh-frame-hdr -m aarch64linux -dynamic-linker /system/bin/linker64 -o cmTC_35ea6 /data/data/com.termux/files/home/android/android-ndk-r21/toolchains/llvm/prebuilt/linux-aarch64/sysroot/usr/lib/aarch64-linux-android/21/crtbegin_dynamic.o -L/data/data/com.termux/files/home/android/android-ndk-r21/toolchains/llvm/prebuilt/linux-aarch64/lib/gcc/aarch64-linux-android/4.9.x -L/data/data/com.termux/files/home/android/android-ndk-r21/toolchains/llvm/prebuilt/linux-aarch64/lib/gcc/aarch64-linux-android/4.9.x/../../../../aarch64-linux-android/lib/../lib64 -L/data/data/com.termux/files/home/android/android-ndk-r21/toolchains/llvm/prebuilt/linux-aarch64/sysroot/usr/lib/aarch64-linux-android/21 -L/data/data/com.termux/files/home/android/android-ndk-r21/toolchains/llvm/prebuilt/linux-aarch64/sysroot/usr/lib/aarch64-linux-android -L/data/data/com.termux/files/home/android/android-ndk-r21/toolchains/llvm/prebuilt/linux-aarch64/lib/gcc/aarch64-linux-android/4.9.x/../../../../aarch64-linux-android/lib -L/data/data/com.termux/files/home/android/android-ndk-r21/toolchains/llvm/prebuilt/linux-aarch64/sysroot/usr/lib --exclude-libs libgcc_real.a --exclude-libs libatomic.a --build-id --fatal-warnings --no-undefined --gc-sections CMakeFiles/cmTC_35ea6.dir/CMakeCXXCompilerABI.cpp.o -Bstatic -lc++ -Bdynamic -lm -lgcc -ldl -lc -lgcc -ldl /data/data/com.termux/files/home/android/android-ndk-r21/toolchains/llvm/prebuilt/linux-aarch64/sysroot/usr/lib/aarch64-linux-android/21/crtend_android.o]
    arg [/data/data/com.termux/files/home/android/android-ndk-r21/toolchains/llvm/prebuilt/linux-aarch64/lib/gcc/aarch64-linux-android/4.9.x/../../../../aarch64-linux-android/bin/ld] ==> ignore
    arg [--sysroot=/data/data/com.termux/files/home/android/android-ndk-r21/toolchains/llvm/prebuilt/linux-aarch64/sysroot] ==> ignore
    arg [-pie] ==> ignore
    arg [-znoexecstack] ==> ignore
    arg [-EL] ==> ignore
    arg [--fix-cortex-a53-843419] ==> ignore
    arg [--warn-shared-textrel] ==> ignore
    arg [-znow] ==> ignore
    arg [-zrelro] ==> ignore
    arg [-zmax-page-size=4096] ==> ignore
    arg [--hash-style=both] ==> ignore
    arg [--enable-new-dtags] ==> ignore
    arg [--eh-frame-hdr] ==> ignore
    arg [-m] ==> ignore
    arg [aarch64linux] ==> ignore
    arg [-dynamic-linker] ==> ignore
    arg [/system/bin/linker64] ==> ignore
    arg [-o] ==> ignore
    arg [cmTC_35ea6] ==> ignore
    arg [/data/data/com.termux/files/home/android/android-ndk-r21/toolchains/llvm/prebuilt/linux-aarch64/sysroot/usr/lib/aarch64-linux-android/21/crtbegin_dynamic.o] ==> ignore
    arg [-L/data/data/com.termux/files/home/android/android-ndk-r21/toolchains/llvm/prebuilt/linux-aarch64/lib/gcc/aarch64-linux-android/4.9.x] ==> dir [/data/data/com.termux/files/home/android/android-ndk-r21/toolchains/llvm/prebuilt/linux-aarch64/lib/gcc/aarch64-linux-android/4.9.x]
    arg [-L/data/data/com.termux/files/home/android/android-ndk-r21/toolchains/llvm/prebuilt/linux-aarch64/lib/gcc/aarch64-linux-android/4.9.x/../../../../aarch64-linux-android/lib/../lib64] ==> dir [/data/data/com.termux/files/home/android/android-ndk-r21/toolchains/llvm/prebuilt/linux-aarch64/lib/gcc/aarch64-linux-android/4.9.x/../../../../aarch64-linux-android/lib/../lib64]
    arg [-L/data/data/com.termux/files/home/android/android-ndk-r21/toolchains/llvm/prebuilt/linux-aarch64/sysroot/usr/lib/aarch64-linux-android/21] ==> dir [/data/data/com.termux/files/home/android/android-ndk-r21/toolchains/llvm/prebuilt/linux-aarch64/sysroot/usr/lib/aarch64-linux-android/21]
    arg [-L/data/data/com.termux/files/home/android/android-ndk-r21/toolchains/llvm/prebuilt/linux-aarch64/sysroot/usr/lib/aarch64-linux-android] ==> dir [/data/data/com.termux/files/home/android/android-ndk-r21/toolchains/llvm/prebuilt/linux-aarch64/sysroot/usr/lib/aarch64-linux-android]
    arg [-L/data/data/com.termux/files/home/android/android-ndk-r21/toolchains/llvm/prebuilt/linux-aarch64/lib/gcc/aarch64-linux-android/4.9.x/../../../../aarch64-linux-android/lib] ==> dir [/data/data/com.termux/files/home/android/android-ndk-r21/toolchains/llvm/prebuilt/linux-aarch64/lib/gcc/aarch64-linux-android/4.9.x/../../../../aarch64-linux-android/lib]
    arg [-L/data/data/com.termux/files/home/android/android-ndk-r21/toolchains/llvm/prebuilt/linux-aarch64/sysroot/usr/lib] ==> dir [/data/data/com.termux/files/home/android/android-ndk-r21/toolchains/llvm/prebuilt/linux-aarch64/sysroot/usr/lib]
    arg [--exclude-libs] ==> ignore
    arg [libgcc_real.a] ==> ignore
    arg [--exclude-libs] ==> ignore
    arg [libatomic.a] ==> ignore
    arg [--build-id] ==> ignore
    arg [--fatal-warnings] ==> ignore
    arg [--no-undefined] ==> ignore
    arg [--gc-sections] ==> ignore
    arg [CMakeFiles/cmTC_35ea6.dir/CMakeCXXCompilerABI.cpp.o] ==> ignore
    arg [-Bstatic] ==> ignore
    arg [-lc++] ==> lib [c++]
    arg [-Bdynamic] ==> ignore
    arg [-lm] ==> lib [m]
    arg [-lgcc] ==> lib [gcc]
    arg [-ldl] ==> lib [dl]
    arg [-lc] ==> lib [c]
    arg [-lgcc] ==> lib [gcc]
    arg [-ldl] ==> lib [dl]
    arg [/data/data/com.termux/files/home/android/android-ndk-r21/toolchains/llvm/prebuilt/linux-aarch64/sysroot/usr/lib/aarch64-linux-android/21/crtend_android.o] ==> ignore
  collapse library dir [/data/data/com.termux/files/home/android/android-ndk-r21/toolchains/llvm/prebuilt/linux-aarch64/lib/gcc/aarch64-linux-android/4.9.x] ==> [/data/data/com.termux/files/home/android/android-ndk-r21/toolchains/llvm/prebuilt/linux-aarch64/lib/gcc/aarch64-linux-android/4.9.x]
  collapse library dir [/data/data/com.termux/files/home/android/android-ndk-r21/toolchains/llvm/prebuilt/linux-aarch64/lib/gcc/aarch64-linux-android/4.9.x/../../../../aarch64-linux-android/lib/../lib64] ==> [/data/data/com.termux/files/home/android/android-ndk-r21/toolchains/llvm/prebuilt/linux-aarch64/aarch64-linux-android/lib64]
  collapse library dir [/data/data/com.termux/files/home/android/android-ndk-r21/toolchains/llvm/prebuilt/linux-aarch64/sysroot/usr/lib/aarch64-linux-android/21] ==> [/data/data/com.termux/files/home/android/android-ndk-r21/toolchains/llvm/prebuilt/linux-aarch64/sysroot/usr/lib/aarch64-linux-android/21]
  collapse library dir [/data/data/com.termux/files/home/android/android-ndk-r21/toolchains/llvm/prebuilt/linux-aarch64/sysroot/usr/lib/aarch64-linux-android] ==> [/data/data/com.termux/files/home/android/android-ndk-r21/toolchains/llvm/prebuilt/linux-aarch64/sysroot/usr/lib/aarch64-linux-android]
  collapse library dir [/data/data/com.termux/files/home/android/android-ndk-r21/toolchains/llvm/prebuilt/linux-aarch64/lib/gcc/aarch64-linux-android/4.9.x/../../../../aarch64-linux-android/lib] ==> [/data/data/com.termux/files/home/android/android-ndk-r21/toolchains/llvm/prebuilt/linux-aarch64/aarch64-linux-android/lib]
  collapse library dir [/data/data/com.termux/files/home/android/android-ndk-r21/toolchains/llvm/prebuilt/linux-aarch64/sysroot/usr/lib] ==> [/data/data/com.termux/files/home/android/android-ndk-r21/toolchains/llvm/prebuilt/linux-aarch64/sysroot/usr/lib]
  implicit libs: [c++;m;gcc;dl;c;gcc;dl]
  implicit dirs: [/data/data/com.termux/files/home/android/android-ndk-r21/toolchains/llvm/prebuilt/linux-aarch64/lib/gcc/aarch64-linux-android/4.9.x;/data/data/com.termux/files/home/android/android-ndk-r21/toolchains/llvm/prebuilt/linux-aarch64/aarch64-linux-android/lib64;/data/data/com.termux/files/home/android/android-ndk-r21/toolchains/llvm/prebuilt/linux-aarch64/sysroot/usr/lib/aarch64-linux-android/21;/data/data/com.termux/files/home/android/android-ndk-r21/toolchains/llvm/prebuilt/linux-aarch64/sysroot/usr/lib/aarch64-linux-android;/data/data/com.termux/files/home/android/android-ndk-r21/toolchains/llvm/prebuilt/linux-aarch64/aarch64-linux-android/lib;/data/data/com.termux/files/home/android/android-ndk-r21/toolchains/llvm/prebuilt/linux-aarch64/sysroot/usr/lib]
  implicit fwks: []


